<?xml version="1.0" encoding="UTF-8"?>
<testsuite xmlns:xsi="http://www.w3.org/2001/XMLSchema-instance" xsi:noNamespaceSchemaLocation="https://maven.apache.org/surefire/maven-surefire-plugin/xsd/surefire-test-report.xsd" name="br.com.alura.logs.LogsApplicationTests" time="14.617" tests="1" errors="1" skipped="0" failures="0">
  <properties>
[...]
</properties>
  <testcase name="contextLoads" classname="br.com.alura.logs.LogsApplicationTests" time="0.003">
    <error message="Failed to load ApplicationContext" type="java.lang.IllegalStateException">java.lang.IllegalStateException: Failed to load ApplicationContext
Caused by: org.springframework.beans.factory.BeanCreationException: Error creating bean with name 'entityManagerFactory' defined in class path resource [org/springframework/boot/autoconfigure/orm/jpa/HibernateJpaConfiguration.class]: Invocation of init method failed; nested exception is javax.persistence.PersistenceException: [PersistenceUnit: default] Unable to build Hibernate SessionFactory; nested exception is org.hibernate.exception.JDBCConnectionException: Unable to open JDBC Connection for DDL execution
Caused by: javax.persistence.PersistenceException: [PersistenceUnit: default] Unable to build Hibernate SessionFactory; nested exception is org.hibernate.exception.JDBCConnectionException: Unable to open JDBC Connection for DDL execution
Caused by: org.hibernate.exception.JDBCConnectionException: Unable to open JDBC Connection for DDL execution
Caused by: org.postgresql.util.PSQLException: Connection to localhost:5432 refused. Check that the hostname and port are correct and that the postmaster is accepting TCP/IP connections.
Caused by: java.net.ConnectException: Conexão recusada (Connection refused)
</error>
    <system-out><![CDATA[{
  "timestamp" : "2023-06-21 15:31:19.721",
  "level" : "INFO",
  "thread" : "main",
  "logger" : "org.springframework.boot.test.context.SpringBootTestContextBootstrapper",
  "message" : "Neither @ContextConfiguration nor @ContextHierarchy found for test class [br.com.alura.logs.LogsApplicationTests], using SpringBootContextLoader",
  "context" : "prod"
}{
  "timestamp" : "2023-06-21 15:31:19.797",
  "level" : "INFO",
  "thread" : "main",
  "logger" : "org.springframework.test.context.support.AbstractContextLoader",
  "message" : "Could not detect default resource locations for test class [br.com.alura.logs.LogsApplicationTests]: no resource found for suffixes {-context.xml, Context.groovy}.",
  "context" : "prod"
}{
  "timestamp" : "2023-06-21 15:31:19.816",
  "level" : "INFO",
  "thread" : "main",
  "logger" : "org.springframework.test.context.support.AnnotationConfigContextLoaderUtils",
  "message" : "Could not detect default configuration classes for test class [br.com.alura.logs.LogsApplicationTests]: LogsApplicationTests does not declare any static, non-private, non-final, nested classes annotated with @Configuration.",
  "context" : "prod"
}{
  "timestamp" : "2023-06-21 15:31:20.069",
  "level" : "INFO",
  "thread" : "main",
  "logger" : "org.springframework.boot.test.context.SpringBootTestContextBootstrapper",
  "message" : "Found @SpringBootConfiguration br.com.alura.logs.CursoApplication for test class br.com.alura.logs.LogsApplicationTests",
  "context" : "prod"
}{
  "timestamp" : "2023-06-21 15:31:20.404",
  "level" : "INFO",
  "thread" : "main",
  "logger" : "org.springframework.boot.test.context.SpringBootTestContextBootstrapper",
  "message" : "Loaded default TestExecutionListener class names from location [META-INF/spring.factories]: [org.springframework.boot.test.mock.mockito.MockitoTestExecutionListener, org.springframework.boot.test.mock.mockito.ResetMocksTestExecutionListener, org.springframework.boot.test.autoconfigure.restdocs.RestDocsTestExecutionListener, org.springframework.boot.test.autoconfigure.web.client.MockRestServiceServerResetTestExecutionListener, org.springframework.boot.test.autoconfigure.web.servlet.MockMvcPrintOnlyOnFailureTestExecutionListener, org.springframework.boot.test.autoconfigure.web.servlet.WebDriverTestExecutionListener, org.springframework.boot.test.autoconfigure.webservices.client.MockWebServiceServerTestExecutionListener, org.springframework.test.context.web.ServletTestExecutionListener, org.springframework.test.context.support.DirtiesContextBeforeModesTestExecutionListener, org.springframework.test.context.event.ApplicationEventsTestExecutionListener, org.springframework.test.context.support.DependencyInjectionTestExecutionListener, org.springframework.test.context.support.DirtiesContextTestExecutionListener, org.springframework.test.context.transaction.TransactionalTestExecutionListener, org.springframework.test.context.jdbc.SqlScriptsTestExecutionListener, org.springframework.test.context.event.EventPublishingTestExecutionListener]",
  "context" : "prod"
}{
  "timestamp" : "2023-06-21 15:31:20.483",
  "level" : "INFO",
  "thread" : "main",
  "logger" : "org.springframework.boot.test.context.SpringBootTestContextBootstrapper",
  "message" : "Using TestExecutionListeners: [org.springframework.test.context.web.ServletTestExecutionListener@5bf61e67, org.springframework.test.context.support.DirtiesContextBeforeModesTestExecutionListener@2c1dc8e, org.springframework.test.context.event.ApplicationEventsTestExecutionListener@b273a59, org.springframework.boot.test.mock.mockito.MockitoTestExecutionListener@4e7095ac, org.springframework.boot.test.autoconfigure.SpringBootDependencyInjectionTestExecutionListener@251ebf23, org.springframework.test.context.support.DirtiesContextTestExecutionListener@29b732a2, org.springframework.test.context.transaction.TransactionalTestExecutionListener@1b70203f, org.springframework.test.context.jdbc.SqlScriptsTestExecutionListener@51671b08, org.springframework.test.context.event.EventPublishingTestExecutionListener@15051a0, org.springframework.boot.test.mock.mockito.ResetMocksTestExecutionListener@1162410a, org.springframework.boot.test.autoconfigure.restdocs.RestDocsTestExecutionListener@b09fac1, org.springframework.boot.test.autoconfigure.web.client.MockRestServiceServerResetTestExecutionListener@62df0ff3, org.springframework.boot.test.autoconfigure.web.servlet.MockMvcPrintOnlyOnFailureTestExecutionListener@61019f59, org.springframework.boot.test.autoconfigure.web.servlet.WebDriverTestExecutionListener@62e8f862, org.springframework.boot.test.autoconfigure.webservices.client.MockWebServiceServerTestExecutionListener@26f3d90c]",
  "context" : "prod"
}
      ___       ___           ___           ___     
     /\__\     /\  \         /\  \         /\  \    
    /:/  /    /::\  \       /::\  \       /::\  \   
   /:/  /    /:/\:\  \     /:/\:\  \     /:/\ \  \  
  /:/  /    /:/  \:\  \   /:/  \:\  \   _\:\~\ \  \ 
 /:/__/    /:/__/ \:\__\ /:/__/_\:\__\ /\ \:\ \ \__\
 \:\  \    \:\  \ /:/  / \:\  /\ \/__/ \:\ \:\ \/__/
  \:\  \    \:\  /:/  /   \:\ \:\__\    \:\ \:\__\  
   \:\  \    \:\/:/  /     \:\/:/  /     \:\/:/  /  
    \:\__\    \::/  /       \::/  /       \::/  /   
     \/__/     \/__/         \/__/         \/__/        
                                      
Powered by Spring Boot 2.6.7

{
  "timestamp" : "2023-06-21 15:31:21.694",
  "level" : "INFO",
  "thread" : "background-preinit",
  "logger" : "org.hibernate.validator.internal.util.Version",
  "message" : "HV000001: Hibernate Validator 6.2.3.Final",
  "context" : "prod"
}{
  "timestamp" : "2023-06-21 15:31:21.686",
  "level" : "INFO",
  "thread" : "main",
  "logger" : "br.com.alura.logs.LogsApplicationTests",
  "message" : "Starting LogsApplicationTests using Java 11.0.19 on estudos with PID 144969 (started by root in /home/igor/Downloads/ambiente-tracing/logs)",
  "context" : "prod"
}{
  "timestamp" : "2023-06-21 15:31:21.705",
  "level" : "INFO",
  "thread" : "main",
  "logger" : "br.com.alura.logs.LogsApplicationTests",
  "message" : "No active profile set, falling back to 1 default profile: \"default\"",
  "context" : "prod"
}{
  "timestamp" : "2023-06-21 15:31:23.508",
  "level" : "INFO",
  "thread" : "main",
  "logger" : "org.springframework.data.repository.config.RepositoryConfigurationDelegate",
  "message" : "Multiple Spring Data modules found, entering strict repository configuration mode!",
  "context" : "prod"
}{
  "timestamp" : "2023-06-21 15:31:23.511",
  "level" : "INFO",
  "thread" : "main",
  "logger" : "org.springframework.data.repository.config.RepositoryConfigurationDelegate",
  "message" : "Bootstrapping Spring Data JPA repositories in DEFAULT mode.",
  "context" : "prod"
}{
  "timestamp" : "2023-06-21 15:31:24.163",
  "level" : "INFO",
  "thread" : "main",
  "logger" : "org.springframework.data.repository.config.RepositoryConfigurationDelegate",
  "message" : "Finished Spring Data repository scanning in 626 ms. Found 1 JPA repository interfaces.",
  "context" : "prod"
}{
  "timestamp" : "2023-06-21 15:31:24.818",
  "level" : "INFO",
  "thread" : "main",
  "logger" : "org.springframework.data.repository.config.RepositoryConfigurationDelegate",
  "message" : "Multiple Spring Data modules found, entering strict repository configuration mode!",
  "context" : "prod"
}{
  "timestamp" : "2023-06-21 15:31:24.822",
  "level" : "INFO",
  "thread" : "main",
  "logger" : "org.springframework.data.repository.config.RepositoryConfigurationDelegate",
  "message" : "Bootstrapping Spring Data Redis repositories in DEFAULT mode.",
  "context" : "prod"
}{
  "timestamp" : "2023-06-21 15:31:24.860",
  "level" : "INFO",
  "thread" : "main",
  "logger" : "org.springframework.data.repository.config.RepositoryConfigurationExtensionSupport",
  "message" : "Spring Data Redis - Could not safely identify store assignment for repository candidate interface br.com.alura.logs.repository.CursoRepository. If you want this repository to be a Redis repository, consider annotating your entities with one of these annotations: org.springframework.data.redis.core.RedisHash (preferred), or consider extending one of the following types with your repository: org.springframework.data.keyvalue.repository.KeyValueRepository.",
  "context" : "prod"
}{
  "timestamp" : "2023-06-21 15:31:24.887",
  "level" : "INFO",
  "thread" : "main",
  "logger" : "org.springframework.data.repository.config.RepositoryConfigurationDelegate",
  "message" : "Finished Spring Data repository scanning in 41 ms. Found 0 Redis repository interfaces.",
  "context" : "prod"
}{
  "timestamp" : "2023-06-21 15:31:27.165",
  "level" : "INFO",
  "thread" : "main",
  "logger" : "org.hibernate.jpa.internal.util.LogHelper",
  "message" : "HHH000204: Processing PersistenceUnitInfo [name: default]",
  "context" : "prod"
}{
  "timestamp" : "2023-06-21 15:31:27.387",
  "level" : "INFO",
  "thread" : "main",
  "logger" : "org.hibernate.Version",
  "message" : "HHH000412: Hibernate ORM core version 5.6.8.Final",
  "context" : "prod"
}{
  "timestamp" : "2023-06-21 15:31:27.794",
  "level" : "INFO",
  "thread" : "main",
  "logger" : "org.hibernate.annotations.common.Version",
  "message" : "HCANN000001: Hibernate Commons Annotations {5.1.2.Final}",
  "context" : "prod"
}{
  "timestamp" : "2023-06-21 15:31:28.022",
  "level" : "INFO",
  "thread" : "main",
  "logger" : "com.zaxxer.hikari.HikariDataSource",
  "message" : "HikariPool-1 - Starting...",
  "context" : "prod"
}{
  "timestamp" : "2023-06-21 15:31:29.125",
  "level" : "ERROR",
  "thread" : "main",
  "logger" : "com.zaxxer.hikari.pool.HikariPool",
  "message" : "HikariPool-1 - Exception during pool initialization.",
  "context" : "prod",
  "exception" : "org.postgresql.util.PSQLException: Connection to localhost:5432 refused. Check that the hostname and port are correct and that the postmaster is accepting TCP/IP connections.\n\tat org.postgresql.core.v3.ConnectionFactoryImpl.openConnectionImpl(ConnectionFactoryImpl.java:319)\n\tat org.postgresql.core.ConnectionFactory.openConnection(ConnectionFactory.java:49)\n\tat org.postgresql.jdbc.PgConnection.<init>(PgConnection.java:223)\n\tat org.postgresql.Driver.makeConnection(Driver.java:402)\n\tat org.postgresql.Driver.connect(Driver.java:261)\n\tat com.zaxxer.hikari.util.DriverDataSource.getConnection(DriverDataSource.java:138)\n\tat com.zaxxer.hikari.pool.PoolBase.newConnection(PoolBase.java:364)\n\tat com.zaxxer.hikari.pool.PoolBase.newPoolEntry(PoolBase.java:206)\n\tat com.zaxxer.hikari.pool.HikariPool.createPoolEntry(HikariPool.java:476)\n\tat com.zaxxer.hikari.pool.HikariPool.checkFailFast(HikariPool.java:561)\n\tat com.zaxxer.hikari.pool.HikariPool.<init>(HikariPool.java:115)\n\tat com.zaxxer.hikari.HikariDataSource.getConnection(HikariDataSource.java:112)\n\tat org.hibernate.engine.jdbc.connections.internal.DatasourceConnectionProviderImpl.getConnection(DatasourceConnectionProviderImpl.java:122)\n\tat org.hibernate.engine.jdbc.env.internal.JdbcEnvironmentInitiator$ConnectionProviderJdbcConnectionAccess.obtainConnection(JdbcEnvironmentInitiator.java:181)\n\tat org.hibernate.engine.jdbc.env.internal.JdbcEnvironmentInitiator.initiateService(JdbcEnvironmentInitiator.java:68)\n\tat org.hibernate.engine.jdbc.env.internal.JdbcEnvironmentInitiator.initiateService(JdbcEnvironmentInitiator.java:35)\n\tat org.hibernate.boot.registry.internal.StandardServiceRegistryImpl.initiateService(StandardServiceRegistryImpl.java:101)\n\tat org.hibernate.service.internal.AbstractServiceRegistryImpl.createService(AbstractServiceRegistryImpl.java:263)\n\tat org.hibernate.service.internal.AbstractServiceRegistryImpl.initializeService(AbstractServiceRegistryImpl.java:237)\n\tat org.hibernate.service.internal.AbstractServiceRegistryImpl.getService(AbstractServiceRegistryImpl.java:214)\n\tat org.hibernate.id.factory.internal.DefaultIdentifierGeneratorFactory.injectServices(DefaultIdentifierGeneratorFactory.java:175)\n\tat org.hibernate.service.internal.AbstractServiceRegistryImpl.injectDependencies(AbstractServiceRegistryImpl.java:286)\n\tat org.hibernate.service.internal.AbstractServiceRegistryImpl.initializeService(AbstractServiceRegistryImpl.java:243)\n\tat org.hibernate.service.internal.AbstractServiceRegistryImpl.getService(AbstractServiceRegistryImpl.java:214)\n\tat org.hibernate.boot.internal.InFlightMetadataCollectorImpl.<init>(InFlightMetadataCollectorImpl.java:173)\n\tat org.hibernate.boot.model.process.spi.MetadataBuildingProcess.complete(MetadataBuildingProcess.java:127)\n\tat org.hibernate.jpa.boot.internal.EntityManagerFactoryBuilderImpl.metadata(EntityManagerFactoryBuilderImpl.java:1460)\n\tat org.hibernate.jpa.boot.internal.EntityManagerFactoryBuilderImpl.build(EntityManagerFactoryBuilderImpl.java:1494)\n\tat org.springframework.orm.jpa.vendor.SpringHibernateJpaPersistenceProvider.createContainerEntityManagerFactory(SpringHibernateJpaPersistenceProvider.java:58)\n\tat org.springframework.orm.jpa.LocalContainerEntityManagerFactoryBean.createNativeEntityManagerFactory(LocalContainerEntityManagerFactoryBean.java:365)\n\tat org.springframework.orm.jpa.AbstractEntityManagerFactoryBean.buildNativeEntityManagerFactory(AbstractEntityManagerFactoryBean.java:409)\n\tat org.springframework.orm.jpa.AbstractEntityManagerFactoryBean.afterPropertiesSet(AbstractEntityManagerFactoryBean.java:396)\n\tat org.springframework.orm.jpa.LocalContainerEntityManagerFactoryBean.afterPropertiesSet(LocalContainerEntityManagerFactoryBean.java:341)\n\tat org.springframework.beans.factory.support.AbstractAutowireCapableBeanFactory.invokeInitMethods(AbstractAutowireCapableBeanFactory.java:1863)\n\tat org.springframework.beans.factory.support.AbstractAutowireCapableBeanFactory.initializeBean(AbstractAutowireCapableBeanFactory.java:1800)\n\tat org.springframework.beans.factory.support.AbstractAutowireCapableBeanFactory.doCreateBean(AbstractAutowireCapableBeanFactory.java:620)\n\tat org.springframework.beans.factory.support.AbstractAutowireCapableBeanFactory.createBean(AbstractAutowireCapableBeanFactory.java:542)\n\tat org.springframework.beans.factory.support.AbstractBeanFactory.lambda$doGetBean$0(AbstractBeanFactory.java:335)\n\tat org.springframework.beans.factory.support.DefaultSingletonBeanRegistry.getSingleton(DefaultSingletonBeanRegistry.java:234)\n\tat org.springframework.beans.factory.support.AbstractBeanFactory.doGetBean(AbstractBeanFactory.java:333)\n\tat org.springframework.beans.factory.support.AbstractBeanFactory.getBean(AbstractBeanFactory.java:208)\n\tat org.springframework.context.support.AbstractApplicationContext.getBean(AbstractApplicationContext.java:1154)\n\tat org.springframework.context.support.AbstractApplicationContext.finishBeanFactoryInitialization(AbstractApplicationContext.java:908)\n\tat org.springframework.context.support.AbstractApplicationContext.refresh(AbstractApplicationContext.java:583)\n\tat org.springframework.boot.SpringApplication.refresh(SpringApplication.java:740)\n\tat org.springframework.boot.SpringApplication.refreshContext(SpringApplication.java:415)\n\tat org.springframework.boot.SpringApplication.run(SpringApplication.java:303)\n\tat org.springframework.boot.test.context.SpringBootContextLoader.loadContext(SpringBootContextLoader.java:144)\n\tat org.springframework.test.context.cache.DefaultCacheAwareContextLoaderDelegate.loadContextInternal(DefaultCacheAwareContextLoaderDelegate.java:99)\n\tat org.springframework.test.context.cache.DefaultCacheAwareContextLoaderDelegate.loadContext(DefaultCacheAwareContextLoaderDelegate.java:124)\n\tat org.springframework.test.context.support.DefaultTestContext.getApplicationContext(DefaultTestContext.java:124)\n\tat org.springframework.test.context.web.ServletTestExecutionListener.setUpRequestContextIfNecessary(ServletTestExecutionListener.java:190)\n\tat org.springframework.test.context.web.ServletTestExecutionListener.prepareTestInstance(ServletTestExecutionListener.java:132)\n\tat org.springframework.test.context.TestContextManager.prepareTestInstance(TestContextManager.java:248)\n\tat org.springframework.test.context.junit.jupiter.SpringExtension.postProcessTestInstance(SpringExtension.java:138)\n\tat org.junit.jupiter.engine.descriptor.ClassBasedTestDescriptor.lambda$invokeTestInstancePostProcessors$8(ClassBasedTestDescriptor.java:363)\n\tat org.junit.jupiter.engine.descriptor.ClassBasedTestDescriptor.executeAndMaskThrowable(ClassBasedTestDescriptor.java:368)\n\tat org.junit.jupiter.engine.descriptor.ClassBasedTestDescriptor.lambda$invokeTestInstancePostProcessors$9(ClassBasedTestDescriptor.java:363)\n\tat java.base/java.util.stream.ReferencePipeline$3$1.accept(ReferencePipeline.java:195)\n\tat java.base/java.util.stream.ReferencePipeline$2$1.accept(ReferencePipeline.java:177)\n\tat java.base/java.util.ArrayList$ArrayListSpliterator.forEachRemaining(ArrayList.java:1655)\n\tat java.base/java.util.stream.AbstractPipeline.copyInto(AbstractPipeline.java:484)\n\tat java.base/java.util.stream.AbstractPipeline.wrapAndCopyInto(AbstractPipeline.java:474)\n\tat java.base/java.util.stream.StreamSpliterators$WrappingSpliterator.forEachRemaining(StreamSpliterators.java:312)\n\tat java.base/java.util.stream.Streams$ConcatSpliterator.forEachRemaining(Streams.java:735)\n\tat java.base/java.util.stream.Streams$ConcatSpliterator.forEachRemaining(Streams.java:734)\n\tat java.base/java.util.stream.ReferencePipeline$Head.forEach(ReferencePipeline.java:658)\n\tat org.junit.jupiter.engine.descriptor.ClassBasedTestDescriptor.invokeTestInstancePostProcessors(ClassBasedTestDescriptor.java:362)\n\tat org.junit.jupiter.engine.descriptor.ClassBasedTestDescriptor.lambda$instantiateAndPostProcessTestInstance$6(ClassBasedTestDescriptor.java:283)\n\tat org.junit.platform.engine.support.hierarchical.ThrowableCollector.execute(ThrowableCollector.java:73)\n\tat org.junit.jupiter.engine.descriptor.ClassBasedTestDescriptor.instantiateAndPostProcessTestInstance(ClassBasedTestDescriptor.java:282)\n\tat org.junit.jupiter.engine.descriptor.ClassBasedTestDescriptor.lambda$testInstancesProvider$4(ClassBasedTestDescriptor.java:272)\n\tat java.base/java.util.Optional.orElseGet(Optional.java:369)\n\tat org.junit.jupiter.engine.descriptor.ClassBasedTestDescriptor.lambda$testInstancesProvider$5(ClassBasedTestDescriptor.java:271)\n\tat org.junit.jupiter.engine.execution.TestInstancesProvider.getTestInstances(TestInstancesProvider.java:31)\n\tat org.junit.jupiter.engine.descriptor.TestMethodTestDescriptor.lambda$prepare$0(TestMethodTestDescriptor.java:102)\n\tat org.junit.platform.engine.support.hierarchical.ThrowableCollector.execute(ThrowableCollector.java:73)\n\tat org.junit.jupiter.engine.descriptor.TestMethodTestDescriptor.prepare(TestMethodTestDescriptor.java:101)\n\tat org.junit.jupiter.engine.descriptor.TestMethodTestDescriptor.prepare(TestMethodTestDescriptor.java:66)\n\tat org.junit.platform.engine.support.hierarchical.NodeTestTask.lambda$prepare$2(NodeTestTask.java:123)\n\tat org.junit.platform.engine.support.hierarchical.ThrowableCollector.execute(ThrowableCollector.java:73)\n\tat org.junit.platform.engine.support.hierarchical.NodeTestTask.prepare(NodeTestTask.java:123)\n\tat org.junit.platform.engine.support.hierarchical.NodeTestTask.execute(NodeTestTask.java:90)\n\tat java.base/java.util.ArrayList.forEach(ArrayList.java:1541)\n\tat org.junit.platform.engine.support.hierarchical.SameThreadHierarchicalTestExecutorService.invokeAll(SameThreadHierarchicalTestExecutorService.java:41)\n\tat org.junit.platform.engine.support.hierarchical.NodeTestTask.lambda$executeRecursively$6(NodeTestTask.java:155)\n\tat org.junit.platform.engine.support.hierarchical.ThrowableCollector.execute(ThrowableCollector.java:73)\n\tat org.junit.platform.engine.support.hierarchical.NodeTestTask.lambda$executeRecursively$8(NodeTestTask.java:141)\n\tat org.junit.platform.engine.support.hierarchical.Node.around(Node.java:137)\n\tat org.junit.platform.engine.support.hierarchical.NodeTestTask.lambda$executeRecursively$9(NodeTestTask.java:139)\n\tat org.junit.platform.engine.support.hierarchical.ThrowableCollector.execute(ThrowableCollector.java:73)\n\tat org.junit.platform.engine.support.hierarchical.NodeTestTask.executeRecursively(NodeTestTask.java:138)\n\tat org.junit.platform.engine.support.hierarchical.NodeTestTask.execute(NodeTestTask.java:95)\n\tat java.base/java.util.ArrayList.forEach(ArrayList.java:1541)\n\tat org.junit.platform.engine.support.hierarchical.SameThreadHierarchicalTestExecutorService.invokeAll(SameThreadHierarchicalTestExecutorService.java:41)\n\tat org.junit.platform.engine.support.hierarchical.NodeTestTask.lambda$executeRecursively$6(NodeTestTask.java:155)\n\tat org.junit.platform.engine.support.hierarchical.ThrowableCollector.execute(ThrowableCollector.java:73)\n\tat org.junit.platform.engine.support.hierarchical.NodeTestTask.lambda$executeRecursively$8(NodeTestTask.java:141)\n\tat org.junit.platform.engine.support.hierarchical.Node.around(Node.java:137)\n\tat org.junit.platform.engine.support.hierarchical.NodeTestTask.lambda$executeRecursively$9(NodeTestTask.java:139)\n\tat org.junit.platform.engine.support.hierarchical.ThrowableCollector.execute(ThrowableCollector.java:73)\n\tat org.junit.platform.engine.support.hierarchical.NodeTestTask.executeRecursively(NodeTestTask.java:138)\n\tat org.junit.platform.engine.support.hierarchical.NodeTestTask.execute(NodeTestTask.java:95)\n\tat org.junit.platform.engine.support.hierarchical.SameThreadHierarchicalTestExecutorService.submit(SameThreadHierarchicalTestExecutorService.java:35)\n\tat org.junit.platform.engine.support.hierarchical.HierarchicalTestExecutor.execute(HierarchicalTestExecutor.java:57)\n\tat org.junit.platform.engine.support.hierarchical.HierarchicalTestEngine.execute(HierarchicalTestEngine.java:54)\n\tat org.junit.platform.launcher.core.DefaultLauncher.execute(DefaultLauncher.java:220)\n\tat org.junit.platform.launcher.core.DefaultLauncher.lambda$execute$6(DefaultLauncher.java:188)\n\tat org.junit.platform.launcher.core.DefaultLauncher.withInterceptedStreams(DefaultLauncher.java:202)\n\tat org.junit.platform.launcher.core.DefaultLauncher.execute(DefaultLauncher.java:181)\n\tat org.junit.platform.launcher.core.DefaultLauncher.execute(DefaultLauncher.java:128)\n\tat org.apache.maven.surefire.junitplatform.JUnitPlatformProvider.invokeAllTests(JUnitPlatformProvider.java:150)\n\tat org.apache.maven.surefire.junitplatform.JUnitPlatformProvider.invoke(JUnitPlatformProvider.java:124)\n\tat org.apache.maven.surefire.booter.ForkedBooter.invokeProviderInSameClassLoader(ForkedBooter.java:384)\n\tat org.apache.maven.surefire.booter.ForkedBooter.runSuitesInProcess(ForkedBooter.java:345)\n\tat org.apache.maven.surefire.booter.ForkedBooter.execute(ForkedBooter.java:126)\n\tat org.apache.maven.surefire.booter.ForkedBooter.main(ForkedBooter.java:418)\nCaused by: java.net.ConnectException: Conexão recusada (Connection refused)\n\tat java.base/java.net.PlainSocketImpl.socketConnect(Native Method)\n\tat java.base/java.net.AbstractPlainSocketImpl.doConnect(AbstractPlainSocketImpl.java:412)\n\tat java.base/java.net.AbstractPlainSocketImpl.connectToAddress(AbstractPlainSocketImpl.java:255)\n\tat java.base/java.net.AbstractPlainSocketImpl.connect(AbstractPlainSocketImpl.java:237)\n\tat java.base/java.net.SocksSocketImpl.connect(SocksSocketImpl.java:392)\n\tat java.base/java.net.Socket.connect(Socket.java:609)\n\tat org.postgresql.core.PGStream.createSocket(PGStream.java:241)\n\tat org.postgresql.core.PGStream.<init>(PGStream.java:98)\n\tat org.postgresql.core.v3.ConnectionFactoryImpl.tryConnect(ConnectionFactoryImpl.java:109)\n\tat org.postgresql.core.v3.ConnectionFactoryImpl.openConnectionImpl(ConnectionFactoryImpl.java:235)\n\t... 116 common frames omitted\n"
}{
  "timestamp" : "2023-06-21 15:31:29.157",
  "level" : "WARN",
  "thread" : "main",
  "logger" : "org.hibernate.engine.jdbc.env.internal.JdbcEnvironmentInitiator",
  "message" : "HHH000342: Could not obtain connection to query metadata",
  "context" : "prod",
  "exception" : "org.postgresql.util.PSQLException: Connection to localhost:5432 refused. Check that the hostname and port are correct and that the postmaster is accepting TCP/IP connections.\n\tat org.postgresql.core.v3.ConnectionFactoryImpl.openConnectionImpl(ConnectionFactoryImpl.java:319)\n\tat org.postgresql.core.ConnectionFactory.openConnection(ConnectionFactory.java:49)\n\tat org.postgresql.jdbc.PgConnection.<init>(PgConnection.java:223)\n\tat org.postgresql.Driver.makeConnection(Driver.java:402)\n\tat org.postgresql.Driver.connect(Driver.java:261)\n\tat com.zaxxer.hikari.util.DriverDataSource.getConnection(DriverDataSource.java:138)\n\tat com.zaxxer.hikari.pool.PoolBase.newConnection(PoolBase.java:364)\n\tat com.zaxxer.hikari.pool.PoolBase.newPoolEntry(PoolBase.java:206)\n\tat com.zaxxer.hikari.pool.HikariPool.createPoolEntry(HikariPool.java:476)\n\tat com.zaxxer.hikari.pool.HikariPool.checkFailFast(HikariPool.java:561)\n\tat com.zaxxer.hikari.pool.HikariPool.<init>(HikariPool.java:115)\n\tat com.zaxxer.hikari.HikariDataSource.getConnection(HikariDataSource.java:112)\n\tat org.hibernate.engine.jdbc.connections.internal.DatasourceConnectionProviderImpl.getConnection(DatasourceConnectionProviderImpl.java:122)\n\tat org.hibernate.engine.jdbc.env.internal.JdbcEnvironmentInitiator$ConnectionProviderJdbcConnectionAccess.obtainConnection(JdbcEnvironmentInitiator.java:181)\n\tat org.hibernate.engine.jdbc.env.internal.JdbcEnvironmentInitiator.initiateService(JdbcEnvironmentInitiator.java:68)\n\tat org.hibernate.engine.jdbc.env.internal.JdbcEnvironmentInitiator.initiateService(JdbcEnvironmentInitiator.java:35)\n\tat org.hibernate.boot.registry.internal.StandardServiceRegistryImpl.initiateService(StandardServiceRegistryImpl.java:101)\n\tat org.hibernate.service.internal.AbstractServiceRegistryImpl.createService(AbstractServiceRegistryImpl.java:263)\n\tat org.hibernate.service.internal.AbstractServiceRegistryImpl.initializeService(AbstractServiceRegistryImpl.java:237)\n\tat org.hibernate.service.internal.AbstractServiceRegistryImpl.getService(AbstractServiceRegistryImpl.java:214)\n\tat org.hibernate.id.factory.internal.DefaultIdentifierGeneratorFactory.injectServices(DefaultIdentifierGeneratorFactory.java:175)\n\tat org.hibernate.service.internal.AbstractServiceRegistryImpl.injectDependencies(AbstractServiceRegistryImpl.java:286)\n\tat org.hibernate.service.internal.AbstractServiceRegistryImpl.initializeService(AbstractServiceRegistryImpl.java:243)\n\tat org.hibernate.service.internal.AbstractServiceRegistryImpl.getService(AbstractServiceRegistryImpl.java:214)\n\tat org.hibernate.boot.internal.InFlightMetadataCollectorImpl.<init>(InFlightMetadataCollectorImpl.java:173)\n\tat org.hibernate.boot.model.process.spi.MetadataBuildingProcess.complete(MetadataBuildingProcess.java:127)\n\tat org.hibernate.jpa.boot.internal.EntityManagerFactoryBuilderImpl.metadata(EntityManagerFactoryBuilderImpl.java:1460)\n\tat org.hibernate.jpa.boot.internal.EntityManagerFactoryBuilderImpl.build(EntityManagerFactoryBuilderImpl.java:1494)\n\tat org.springframework.orm.jpa.vendor.SpringHibernateJpaPersistenceProvider.createContainerEntityManagerFactory(SpringHibernateJpaPersistenceProvider.java:58)\n\tat org.springframework.orm.jpa.LocalContainerEntityManagerFactoryBean.createNativeEntityManagerFactory(LocalContainerEntityManagerFactoryBean.java:365)\n\tat org.springframework.orm.jpa.AbstractEntityManagerFactoryBean.buildNativeEntityManagerFactory(AbstractEntityManagerFactoryBean.java:409)\n\tat org.springframework.orm.jpa.AbstractEntityManagerFactoryBean.afterPropertiesSet(AbstractEntityManagerFactoryBean.java:396)\n\tat org.springframework.orm.jpa.LocalContainerEntityManagerFactoryBean.afterPropertiesSet(LocalContainerEntityManagerFactoryBean.java:341)\n\tat org.springframework.beans.factory.support.AbstractAutowireCapableBeanFactory.invokeInitMethods(AbstractAutowireCapableBeanFactory.java:1863)\n\tat org.springframework.beans.factory.support.AbstractAutowireCapableBeanFactory.initializeBean(AbstractAutowireCapableBeanFactory.java:1800)\n\tat org.springframework.beans.factory.support.AbstractAutowireCapableBeanFactory.doCreateBean(AbstractAutowireCapableBeanFactory.java:620)\n\tat org.springframework.beans.factory.support.AbstractAutowireCapableBeanFactory.createBean(AbstractAutowireCapableBeanFactory.java:542)\n\tat org.springframework.beans.factory.support.AbstractBeanFactory.lambda$doGetBean$0(AbstractBeanFactory.java:335)\n\tat org.springframework.beans.factory.support.DefaultSingletonBeanRegistry.getSingleton(DefaultSingletonBeanRegistry.java:234)\n\tat org.springframework.beans.factory.support.AbstractBeanFactory.doGetBean(AbstractBeanFactory.java:333)\n\tat org.springframework.beans.factory.support.AbstractBeanFactory.getBean(AbstractBeanFactory.java:208)\n\tat org.springframework.context.support.AbstractApplicationContext.getBean(AbstractApplicationContext.java:1154)\n\tat org.springframework.context.support.AbstractApplicationContext.finishBeanFactoryInitialization(AbstractApplicationContext.java:908)\n\tat org.springframework.context.support.AbstractApplicationContext.refresh(AbstractApplicationContext.java:583)\n\tat org.springframework.boot.SpringApplication.refresh(SpringApplication.java:740)\n\tat org.springframework.boot.SpringApplication.refreshContext(SpringApplication.java:415)\n\tat org.springframework.boot.SpringApplication.run(SpringApplication.java:303)\n\tat org.springframework.boot.test.context.SpringBootContextLoader.loadContext(SpringBootContextLoader.java:144)\n\tat org.springframework.test.context.cache.DefaultCacheAwareContextLoaderDelegate.loadContextInternal(DefaultCacheAwareContextLoaderDelegate.java:99)\n\tat org.springframework.test.context.cache.DefaultCacheAwareContextLoaderDelegate.loadContext(DefaultCacheAwareContextLoaderDelegate.java:124)\n\tat org.springframework.test.context.support.DefaultTestContext.getApplicationContext(DefaultTestContext.java:124)\n\tat org.springframework.test.context.web.ServletTestExecutionListener.setUpRequestContextIfNecessary(ServletTestExecutionListener.java:190)\n\tat org.springframework.test.context.web.ServletTestExecutionListener.prepareTestInstance(ServletTestExecutionListener.java:132)\n\tat org.springframework.test.context.TestContextManager.prepareTestInstance(TestContextManager.java:248)\n\tat org.springframework.test.context.junit.jupiter.SpringExtension.postProcessTestInstance(SpringExtension.java:138)\n\tat org.junit.jupiter.engine.descriptor.ClassBasedTestDescriptor.lambda$invokeTestInstancePostProcessors$8(ClassBasedTestDescriptor.java:363)\n\tat org.junit.jupiter.engine.descriptor.ClassBasedTestDescriptor.executeAndMaskThrowable(ClassBasedTestDescriptor.java:368)\n\tat org.junit.jupiter.engine.descriptor.ClassBasedTestDescriptor.lambda$invokeTestInstancePostProcessors$9(ClassBasedTestDescriptor.java:363)\n\tat java.base/java.util.stream.ReferencePipeline$3$1.accept(ReferencePipeline.java:195)\n\tat java.base/java.util.stream.ReferencePipeline$2$1.accept(ReferencePipeline.java:177)\n\tat java.base/java.util.ArrayList$ArrayListSpliterator.forEachRemaining(ArrayList.java:1655)\n\tat java.base/java.util.stream.AbstractPipeline.copyInto(AbstractPipeline.java:484)\n\tat java.base/java.util.stream.AbstractPipeline.wrapAndCopyInto(AbstractPipeline.java:474)\n\tat java.base/java.util.stream.StreamSpliterators$WrappingSpliterator.forEachRemaining(StreamSpliterators.java:312)\n\tat java.base/java.util.stream.Streams$ConcatSpliterator.forEachRemaining(Streams.java:735)\n\tat java.base/java.util.stream.Streams$ConcatSpliterator.forEachRemaining(Streams.java:734)\n\tat java.base/java.util.stream.ReferencePipeline$Head.forEach(ReferencePipeline.java:658)\n\tat org.junit.jupiter.engine.descriptor.ClassBasedTestDescriptor.invokeTestInstancePostProcessors(ClassBasedTestDescriptor.java:362)\n\tat org.junit.jupiter.engine.descriptor.ClassBasedTestDescriptor.lambda$instantiateAndPostProcessTestInstance$6(ClassBasedTestDescriptor.java:283)\n\tat org.junit.platform.engine.support.hierarchical.ThrowableCollector.execute(ThrowableCollector.java:73)\n\tat org.junit.jupiter.engine.descriptor.ClassBasedTestDescriptor.instantiateAndPostProcessTestInstance(ClassBasedTestDescriptor.java:282)\n\tat org.junit.jupiter.engine.descriptor.ClassBasedTestDescriptor.lambda$testInstancesProvider$4(ClassBasedTestDescriptor.java:272)\n\tat java.base/java.util.Optional.orElseGet(Optional.java:369)\n\tat org.junit.jupiter.engine.descriptor.ClassBasedTestDescriptor.lambda$testInstancesProvider$5(ClassBasedTestDescriptor.java:271)\n\tat org.junit.jupiter.engine.execution.TestInstancesProvider.getTestInstances(TestInstancesProvider.java:31)\n\tat org.junit.jupiter.engine.descriptor.TestMethodTestDescriptor.lambda$prepare$0(TestMethodTestDescriptor.java:102)\n\tat org.junit.platform.engine.support.hierarchical.ThrowableCollector.execute(ThrowableCollector.java:73)\n\tat org.junit.jupiter.engine.descriptor.TestMethodTestDescriptor.prepare(TestMethodTestDescriptor.java:101)\n\tat org.junit.jupiter.engine.descriptor.TestMethodTestDescriptor.prepare(TestMethodTestDescriptor.java:66)\n\tat org.junit.platform.engine.support.hierarchical.NodeTestTask.lambda$prepare$2(NodeTestTask.java:123)\n\tat org.junit.platform.engine.support.hierarchical.ThrowableCollector.execute(ThrowableCollector.java:73)\n\tat org.junit.platform.engine.support.hierarchical.NodeTestTask.prepare(NodeTestTask.java:123)\n\tat org.junit.platform.engine.support.hierarchical.NodeTestTask.execute(NodeTestTask.java:90)\n\tat java.base/java.util.ArrayList.forEach(ArrayList.java:1541)\n\tat org.junit.platform.engine.support.hierarchical.SameThreadHierarchicalTestExecutorService.invokeAll(SameThreadHierarchicalTestExecutorService.java:41)\n\tat org.junit.platform.engine.support.hierarchical.NodeTestTask.lambda$executeRecursively$6(NodeTestTask.java:155)\n\tat org.junit.platform.engine.support.hierarchical.ThrowableCollector.execute(ThrowableCollector.java:73)\n\tat org.junit.platform.engine.support.hierarchical.NodeTestTask.lambda$executeRecursively$8(NodeTestTask.java:141)\n\tat org.junit.platform.engine.support.hierarchical.Node.around(Node.java:137)\n\tat org.junit.platform.engine.support.hierarchical.NodeTestTask.lambda$executeRecursively$9(NodeTestTask.java:139)\n\tat org.junit.platform.engine.support.hierarchical.ThrowableCollector.execute(ThrowableCollector.java:73)\n\tat org.junit.platform.engine.support.hierarchical.NodeTestTask.executeRecursively(NodeTestTask.java:138)\n\tat org.junit.platform.engine.support.hierarchical.NodeTestTask.execute(NodeTestTask.java:95)\n\tat java.base/java.util.ArrayList.forEach(ArrayList.java:1541)\n\tat org.junit.platform.engine.support.hierarchical.SameThreadHierarchicalTestExecutorService.invokeAll(SameThreadHierarchicalTestExecutorService.java:41)\n\tat org.junit.platform.engine.support.hierarchical.NodeTestTask.lambda$executeRecursively$6(NodeTestTask.java:155)\n\tat org.junit.platform.engine.support.hierarchical.ThrowableCollector.execute(ThrowableCollector.java:73)\n\tat org.junit.platform.engine.support.hierarchical.NodeTestTask.lambda$executeRecursively$8(NodeTestTask.java:141)\n\tat org.junit.platform.engine.support.hierarchical.Node.around(Node.java:137)\n\tat org.junit.platform.engine.support.hierarchical.NodeTestTask.lambda$executeRecursively$9(NodeTestTask.java:139)\n\tat org.junit.platform.engine.support.hierarchical.ThrowableCollector.execute(ThrowableCollector.java:73)\n\tat org.junit.platform.engine.support.hierarchical.NodeTestTask.executeRecursively(NodeTestTask.java:138)\n\tat org.junit.platform.engine.support.hierarchical.NodeTestTask.execute(NodeTestTask.java:95)\n\tat org.junit.platform.engine.support.hierarchical.SameThreadHierarchicalTestExecutorService.submit(SameThreadHierarchicalTestExecutorService.java:35)\n\tat org.junit.platform.engine.support.hierarchical.HierarchicalTestExecutor.execute(HierarchicalTestExecutor.java:57)\n\tat org.junit.platform.engine.support.hierarchical.HierarchicalTestEngine.execute(HierarchicalTestEngine.java:54)\n\tat org.junit.platform.launcher.core.DefaultLauncher.execute(DefaultLauncher.java:220)\n\tat org.junit.platform.launcher.core.DefaultLauncher.lambda$execute$6(DefaultLauncher.java:188)\n\tat org.junit.platform.launcher.core.DefaultLauncher.withInterceptedStreams(DefaultLauncher.java:202)\n\tat org.junit.platform.launcher.core.DefaultLauncher.execute(DefaultLauncher.java:181)\n\tat org.junit.platform.launcher.core.DefaultLauncher.execute(DefaultLauncher.java:128)\n\tat org.apache.maven.surefire.junitplatform.JUnitPlatformProvider.invokeAllTests(JUnitPlatformProvider.java:150)\n\tat org.apache.maven.surefire.junitplatform.JUnitPlatformProvider.invoke(JUnitPlatformProvider.java:124)\n\tat org.apache.maven.surefire.booter.ForkedBooter.invokeProviderInSameClassLoader(ForkedBooter.java:384)\n\tat org.apache.maven.surefire.booter.ForkedBooter.runSuitesInProcess(ForkedBooter.java:345)\n\tat org.apache.maven.surefire.booter.ForkedBooter.execute(ForkedBooter.java:126)\n\tat org.apache.maven.surefire.booter.ForkedBooter.main(ForkedBooter.java:418)\nCaused by: java.net.ConnectException: Conexão recusada (Connection refused)\n\tat java.base/java.net.PlainSocketImpl.socketConnect(Native Method)\n\tat java.base/java.net.AbstractPlainSocketImpl.doConnect(AbstractPlainSocketImpl.java:412)\n\tat java.base/java.net.AbstractPlainSocketImpl.connectToAddress(AbstractPlainSocketImpl.java:255)\n\tat java.base/java.net.AbstractPlainSocketImpl.connect(AbstractPlainSocketImpl.java:237)\n\tat java.base/java.net.SocksSocketImpl.connect(SocksSocketImpl.java:392)\n\tat java.base/java.net.Socket.connect(Socket.java:609)\n\tat org.postgresql.core.PGStream.createSocket(PGStream.java:241)\n\tat org.postgresql.core.PGStream.<init>(PGStream.java:98)\n\tat org.postgresql.core.v3.ConnectionFactoryImpl.tryConnect(ConnectionFactoryImpl.java:109)\n\tat org.postgresql.core.v3.ConnectionFactoryImpl.openConnectionImpl(ConnectionFactoryImpl.java:235)\n\t... 116 common frames omitted\n"
}{
  "timestamp" : "2023-06-21 15:31:29.239",
  "level" : "INFO",
  "thread" : "main",
  "logger" : "org.hibernate.dialect.Dialect",
  "message" : "HHH000400: Using dialect: org.hibernate.dialect.PostgreSQLDialect",
  "context" : "prod"
}{
  "timestamp" : "2023-06-21 15:31:31.049",
  "level" : "INFO",
  "thread" : "main",
  "logger" : "com.zaxxer.hikari.HikariDataSource",
  "message" : "HikariPool-1 - Starting...",
  "context" : "prod"
}{
  "timestamp" : "2023-06-21 15:31:32.060",
  "level" : "ERROR",
  "thread" : "main",
  "logger" : "com.zaxxer.hikari.pool.HikariPool",
  "message" : "HikariPool-1 - Exception during pool initialization.",
  "context" : "prod",
  "exception" : "org.postgresql.util.PSQLException: Connection to localhost:5432 refused. Check that the hostname and port are correct and that the postmaster is accepting TCP/IP connections.\n\tat org.postgresql.core.v3.ConnectionFactoryImpl.openConnectionImpl(ConnectionFactoryImpl.java:319)\n\tat org.postgresql.core.ConnectionFactory.openConnection(ConnectionFactory.java:49)\n\tat org.postgresql.jdbc.PgConnection.<init>(PgConnection.java:223)\n\tat org.postgresql.Driver.makeConnection(Driver.java:402)\n\tat org.postgresql.Driver.connect(Driver.java:261)\n\tat com.zaxxer.hikari.util.DriverDataSource.getConnection(DriverDataSource.java:138)\n\tat com.zaxxer.hikari.pool.PoolBase.newConnection(PoolBase.java:364)\n\tat com.zaxxer.hikari.pool.PoolBase.newPoolEntry(PoolBase.java:206)\n\tat com.zaxxer.hikari.pool.HikariPool.createPoolEntry(HikariPool.java:476)\n\tat com.zaxxer.hikari.pool.HikariPool.checkFailFast(HikariPool.java:561)\n\tat com.zaxxer.hikari.pool.HikariPool.<init>(HikariPool.java:115)\n\tat com.zaxxer.hikari.HikariDataSource.getConnection(HikariDataSource.java:112)\n\tat org.hibernate.engine.jdbc.connections.internal.DatasourceConnectionProviderImpl.getConnection(DatasourceConnectionProviderImpl.java:122)\n\tat org.hibernate.engine.jdbc.env.internal.JdbcEnvironmentInitiator$ConnectionProviderJdbcConnectionAccess.obtainConnection(JdbcEnvironmentInitiator.java:181)\n\tat org.hibernate.resource.transaction.backend.jdbc.internal.DdlTransactionIsolatorNonJtaImpl.getIsolatedConnection(DdlTransactionIsolatorNonJtaImpl.java:44)\n\tat org.hibernate.tool.schema.internal.exec.ImprovedExtractionContextImpl.getJdbcConnection(ImprovedExtractionContextImpl.java:63)\n\tat org.hibernate.tool.schema.extract.spi.ExtractionContext.getQueryResults(ExtractionContext.java:43)\n\tat org.hibernate.tool.schema.extract.internal.SequenceInformationExtractorLegacyImpl.extractMetadata(SequenceInformationExtractorLegacyImpl.java:39)\n\tat org.hibernate.tool.schema.extract.internal.DatabaseInformationImpl.initializeSequences(DatabaseInformationImpl.java:66)\n\tat org.hibernate.tool.schema.extract.internal.DatabaseInformationImpl.<init>(DatabaseInformationImpl.java:60)\n\tat org.hibernate.tool.schema.internal.Helper.buildDatabaseInformation(Helper.java:183)\n\tat org.hibernate.tool.schema.internal.AbstractSchemaMigrator.doMigration(AbstractSchemaMigrator.java:104)\n\tat org.hibernate.tool.schema.spi.SchemaManagementToolCoordinator.performDatabaseAction(SchemaManagementToolCoordinator.java:196)\n\tat org.hibernate.tool.schema.spi.SchemaManagementToolCoordinator.process(SchemaManagementToolCoordinator.java:85)\n\tat org.hibernate.internal.SessionFactoryImpl.<init>(SessionFactoryImpl.java:335)\n\tat org.hibernate.boot.internal.SessionFactoryBuilderImpl.build(SessionFactoryBuilderImpl.java:471)\n\tat org.hibernate.jpa.boot.internal.EntityManagerFactoryBuilderImpl.build(EntityManagerFactoryBuilderImpl.java:1498)\n\tat org.springframework.orm.jpa.vendor.SpringHibernateJpaPersistenceProvider.createContainerEntityManagerFactory(SpringHibernateJpaPersistenceProvider.java:58)\n\tat org.springframework.orm.jpa.LocalContainerEntityManagerFactoryBean.createNativeEntityManagerFactory(LocalContainerEntityManagerFactoryBean.java:365)\n\tat org.springframework.orm.jpa.AbstractEntityManagerFactoryBean.buildNativeEntityManagerFactory(AbstractEntityManagerFactoryBean.java:409)\n\tat org.springframework.orm.jpa.AbstractEntityManagerFactoryBean.afterPropertiesSet(AbstractEntityManagerFactoryBean.java:396)\n\tat org.springframework.orm.jpa.LocalContainerEntityManagerFactoryBean.afterPropertiesSet(LocalContainerEntityManagerFactoryBean.java:341)\n\tat org.springframework.beans.factory.support.AbstractAutowireCapableBeanFactory.invokeInitMethods(AbstractAutowireCapableBeanFactory.java:1863)\n\tat org.springframework.beans.factory.support.AbstractAutowireCapableBeanFactory.initializeBean(AbstractAutowireCapableBeanFactory.java:1800)\n\tat org.springframework.beans.factory.support.AbstractAutowireCapableBeanFactory.doCreateBean(AbstractAutowireCapableBeanFactory.java:620)\n\tat org.springframework.beans.factory.support.AbstractAutowireCapableBeanFactory.createBean(AbstractAutowireCapableBeanFactory.java:542)\n\tat org.springframework.beans.factory.support.AbstractBeanFactory.lambda$doGetBean$0(AbstractBeanFactory.java:335)\n\tat org.springframework.beans.factory.support.DefaultSingletonBeanRegistry.getSingleton(DefaultSingletonBeanRegistry.java:234)\n\tat org.springframework.beans.factory.support.AbstractBeanFactory.doGetBean(AbstractBeanFactory.java:333)\n\tat org.springframework.beans.factory.support.AbstractBeanFactory.getBean(AbstractBeanFactory.java:208)\n\tat org.springframework.context.support.AbstractApplicationContext.getBean(AbstractApplicationContext.java:1154)\n\tat org.springframework.context.support.AbstractApplicationContext.finishBeanFactoryInitialization(AbstractApplicationContext.java:908)\n\tat org.springframework.context.support.AbstractApplicationContext.refresh(AbstractApplicationContext.java:583)\n\tat org.springframework.boot.SpringApplication.refresh(SpringApplication.java:740)\n\tat org.springframework.boot.SpringApplication.refreshContext(SpringApplication.java:415)\n\tat org.springframework.boot.SpringApplication.run(SpringApplication.java:303)\n\tat org.springframework.boot.test.context.SpringBootContextLoader.loadContext(SpringBootContextLoader.java:144)\n\tat org.springframework.test.context.cache.DefaultCacheAwareContextLoaderDelegate.loadContextInternal(DefaultCacheAwareContextLoaderDelegate.java:99)\n\tat org.springframework.test.context.cache.DefaultCacheAwareContextLoaderDelegate.loadContext(DefaultCacheAwareContextLoaderDelegate.java:124)\n\tat org.springframework.test.context.support.DefaultTestContext.getApplicationContext(DefaultTestContext.java:124)\n\tat org.springframework.test.context.web.ServletTestExecutionListener.setUpRequestContextIfNecessary(ServletTestExecutionListener.java:190)\n\tat org.springframework.test.context.web.ServletTestExecutionListener.prepareTestInstance(ServletTestExecutionListener.java:132)\n\tat org.springframework.test.context.TestContextManager.prepareTestInstance(TestContextManager.java:248)\n\tat org.springframework.test.context.junit.jupiter.SpringExtension.postProcessTestInstance(SpringExtension.java:138)\n\tat org.junit.jupiter.engine.descriptor.ClassBasedTestDescriptor.lambda$invokeTestInstancePostProcessors$8(ClassBasedTestDescriptor.java:363)\n\tat org.junit.jupiter.engine.descriptor.ClassBasedTestDescriptor.executeAndMaskThrowable(ClassBasedTestDescriptor.java:368)\n\tat org.junit.jupiter.engine.descriptor.ClassBasedTestDescriptor.lambda$invokeTestInstancePostProcessors$9(ClassBasedTestDescriptor.java:363)\n\tat java.base/java.util.stream.ReferencePipeline$3$1.accept(ReferencePipeline.java:195)\n\tat java.base/java.util.stream.ReferencePipeline$2$1.accept(ReferencePipeline.java:177)\n\tat java.base/java.util.ArrayList$ArrayListSpliterator.forEachRemaining(ArrayList.java:1655)\n\tat java.base/java.util.stream.AbstractPipeline.copyInto(AbstractPipeline.java:484)\n\tat java.base/java.util.stream.AbstractPipeline.wrapAndCopyInto(AbstractPipeline.java:474)\n\tat java.base/java.util.stream.StreamSpliterators$WrappingSpliterator.forEachRemaining(StreamSpliterators.java:312)\n\tat java.base/java.util.stream.Streams$ConcatSpliterator.forEachRemaining(Streams.java:735)\n\tat java.base/java.util.stream.Streams$ConcatSpliterator.forEachRemaining(Streams.java:734)\n\tat java.base/java.util.stream.ReferencePipeline$Head.forEach(ReferencePipeline.java:658)\n\tat org.junit.jupiter.engine.descriptor.ClassBasedTestDescriptor.invokeTestInstancePostProcessors(ClassBasedTestDescriptor.java:362)\n\tat org.junit.jupiter.engine.descriptor.ClassBasedTestDescriptor.lambda$instantiateAndPostProcessTestInstance$6(ClassBasedTestDescriptor.java:283)\n\tat org.junit.platform.engine.support.hierarchical.ThrowableCollector.execute(ThrowableCollector.java:73)\n\tat org.junit.jupiter.engine.descriptor.ClassBasedTestDescriptor.instantiateAndPostProcessTestInstance(ClassBasedTestDescriptor.java:282)\n\tat org.junit.jupiter.engine.descriptor.ClassBasedTestDescriptor.lambda$testInstancesProvider$4(ClassBasedTestDescriptor.java:272)\n\tat java.base/java.util.Optional.orElseGet(Optional.java:369)\n\tat org.junit.jupiter.engine.descriptor.ClassBasedTestDescriptor.lambda$testInstancesProvider$5(ClassBasedTestDescriptor.java:271)\n\tat org.junit.jupiter.engine.execution.TestInstancesProvider.getTestInstances(TestInstancesProvider.java:31)\n\tat org.junit.jupiter.engine.descriptor.TestMethodTestDescriptor.lambda$prepare$0(TestMethodTestDescriptor.java:102)\n\tat org.junit.platform.engine.support.hierarchical.ThrowableCollector.execute(ThrowableCollector.java:73)\n\tat org.junit.jupiter.engine.descriptor.TestMethodTestDescriptor.prepare(TestMethodTestDescriptor.java:101)\n\tat org.junit.jupiter.engine.descriptor.TestMethodTestDescriptor.prepare(TestMethodTestDescriptor.java:66)\n\tat org.junit.platform.engine.support.hierarchical.NodeTestTask.lambda$prepare$2(NodeTestTask.java:123)\n\tat org.junit.platform.engine.support.hierarchical.ThrowableCollector.execute(ThrowableCollector.java:73)\n\tat org.junit.platform.engine.support.hierarchical.NodeTestTask.prepare(NodeTestTask.java:123)\n\tat org.junit.platform.engine.support.hierarchical.NodeTestTask.execute(NodeTestTask.java:90)\n\tat java.base/java.util.ArrayList.forEach(ArrayList.java:1541)\n\tat org.junit.platform.engine.support.hierarchical.SameThreadHierarchicalTestExecutorService.invokeAll(SameThreadHierarchicalTestExecutorService.java:41)\n\tat org.junit.platform.engine.support.hierarchical.NodeTestTask.lambda$executeRecursively$6(NodeTestTask.java:155)\n\tat org.junit.platform.engine.support.hierarchical.ThrowableCollector.execute(ThrowableCollector.java:73)\n\tat org.junit.platform.engine.support.hierarchical.NodeTestTask.lambda$executeRecursively$8(NodeTestTask.java:141)\n\tat org.junit.platform.engine.support.hierarchical.Node.around(Node.java:137)\n\tat org.junit.platform.engine.support.hierarchical.NodeTestTask.lambda$executeRecursively$9(NodeTestTask.java:139)\n\tat org.junit.platform.engine.support.hierarchical.ThrowableCollector.execute(ThrowableCollector.java:73)\n\tat org.junit.platform.engine.support.hierarchical.NodeTestTask.executeRecursively(NodeTestTask.java:138)\n\tat org.junit.platform.engine.support.hierarchical.NodeTestTask.execute(NodeTestTask.java:95)\n\tat java.base/java.util.ArrayList.forEach(ArrayList.java:1541)\n\tat org.junit.platform.engine.support.hierarchical.SameThreadHierarchicalTestExecutorService.invokeAll(SameThreadHierarchicalTestExecutorService.java:41)\n\tat org.junit.platform.engine.support.hierarchical.NodeTestTask.lambda$executeRecursively$6(NodeTestTask.java:155)\n\tat org.junit.platform.engine.support.hierarchical.ThrowableCollector.execute(ThrowableCollector.java:73)\n\tat org.junit.platform.engine.support.hierarchical.NodeTestTask.lambda$executeRecursively$8(NodeTestTask.java:141)\n\tat org.junit.platform.engine.support.hierarchical.Node.around(Node.java:137)\n\tat org.junit.platform.engine.support.hierarchical.NodeTestTask.lambda$executeRecursively$9(NodeTestTask.java:139)\n\tat org.junit.platform.engine.support.hierarchical.ThrowableCollector.execute(ThrowableCollector.java:73)\n\tat org.junit.platform.engine.support.hierarchical.NodeTestTask.executeRecursively(NodeTestTask.java:138)\n\tat org.junit.platform.engine.support.hierarchical.NodeTestTask.execute(NodeTestTask.java:95)\n\tat org.junit.platform.engine.support.hierarchical.SameThreadHierarchicalTestExecutorService.submit(SameThreadHierarchicalTestExecutorService.java:35)\n\tat org.junit.platform.engine.support.hierarchical.HierarchicalTestExecutor.execute(HierarchicalTestExecutor.java:57)\n\tat org.junit.platform.engine.support.hierarchical.HierarchicalTestEngine.execute(HierarchicalTestEngine.java:54)\n\tat org.junit.platform.launcher.core.DefaultLauncher.execute(DefaultLauncher.java:220)\n\tat org.junit.platform.launcher.core.DefaultLauncher.lambda$execute$6(DefaultLauncher.java:188)\n\tat org.junit.platform.launcher.core.DefaultLauncher.withInterceptedStreams(DefaultLauncher.java:202)\n\tat org.junit.platform.launcher.core.DefaultLauncher.execute(DefaultLauncher.java:181)\n\tat org.junit.platform.launcher.core.DefaultLauncher.execute(DefaultLauncher.java:128)\n\tat org.apache.maven.surefire.junitplatform.JUnitPlatformProvider.invokeAllTests(JUnitPlatformProvider.java:150)\n\tat org.apache.maven.surefire.junitplatform.JUnitPlatformProvider.invoke(JUnitPlatformProvider.java:124)\n\tat org.apache.maven.surefire.booter.ForkedBooter.invokeProviderInSameClassLoader(ForkedBooter.java:384)\n\tat org.apache.maven.surefire.booter.ForkedBooter.runSuitesInProcess(ForkedBooter.java:345)\n\tat org.apache.maven.surefire.booter.ForkedBooter.execute(ForkedBooter.java:126)\n\tat org.apache.maven.surefire.booter.ForkedBooter.main(ForkedBooter.java:418)\nCaused by: java.net.ConnectException: Conexão recusada (Connection refused)\n\tat java.base/java.net.PlainSocketImpl.socketConnect(Native Method)\n\tat java.base/java.net.AbstractPlainSocketImpl.doConnect(AbstractPlainSocketImpl.java:412)\n\tat java.base/java.net.AbstractPlainSocketImpl.connectToAddress(AbstractPlainSocketImpl.java:255)\n\tat java.base/java.net.AbstractPlainSocketImpl.connect(AbstractPlainSocketImpl.java:237)\n\tat java.base/java.net.SocksSocketImpl.connect(SocksSocketImpl.java:392)\n\tat java.base/java.net.Socket.connect(Socket.java:609)\n\tat org.postgresql.core.PGStream.createSocket(PGStream.java:241)\n\tat org.postgresql.core.PGStream.<init>(PGStream.java:98)\n\tat org.postgresql.core.v3.ConnectionFactoryImpl.tryConnect(ConnectionFactoryImpl.java:109)\n\tat org.postgresql.core.v3.ConnectionFactoryImpl.openConnectionImpl(ConnectionFactoryImpl.java:235)\n\t... 115 common frames omitted\n"
}{
  "timestamp" : "2023-06-21 15:31:32.093",
  "level" : "WARN",
  "thread" : "main",
  "logger" : "org.hibernate.engine.jdbc.spi.SqlExceptionHelper",
  "message" : "SQL Error: 0, SQLState: 08001",
  "context" : "prod"
}{
  "timestamp" : "2023-06-21 15:31:32.111",
  "level" : "ERROR",
  "thread" : "main",
  "logger" : "org.hibernate.engine.jdbc.spi.SqlExceptionHelper",
  "message" : "Connection to localhost:5432 refused. Check that the hostname and port are correct and that the postmaster is accepting TCP/IP connections.",
  "context" : "prod"
}{
  "timestamp" : "2023-06-21 15:31:32.164",
  "level" : "ERROR",
  "thread" : "main",
  "logger" : "org.springframework.orm.jpa.LocalContainerEntityManagerFactoryBean",
  "message" : "Failed to initialize JPA EntityManagerFactory: [PersistenceUnit: default] Unable to build Hibernate SessionFactory; nested exception is org.hibernate.exception.JDBCConnectionException: Unable to open JDBC Connection for DDL execution",
  "context" : "prod"
}{
  "timestamp" : "2023-06-21 15:31:32.174",
  "level" : "WARN",
  "thread" : "main",
  "logger" : "org.springframework.web.context.support.GenericWebApplicationContext",
  "message" : "Exception encountered during context initialization - cancelling refresh attempt: org.springframework.beans.factory.BeanCreationException: Error creating bean with name 'entityManagerFactory' defined in class path resource [org/springframework/boot/autoconfigure/orm/jpa/HibernateJpaConfiguration.class]: Invocation of init method failed; nested exception is javax.persistence.PersistenceException: [PersistenceUnit: default] Unable to build Hibernate SessionFactory; nested exception is org.hibernate.exception.JDBCConnectionException: Unable to open JDBC Connection for DDL execution",
  "context" : "prod"
}{
  "timestamp" : "2023-06-21 15:31:32.408",
  "level" : "INFO",
  "thread" : "main",
  "logger" : "org.springframework.boot.autoconfigure.logging.ConditionEvaluationReportLoggingListener",
  "message" : "\n\nError starting ApplicationContext. To display the conditions report re-run your application with 'debug' enabled.",
  "context" : "prod"
}{
  "timestamp" : "2023-06-21 15:31:32.479",
  "level" : "ERROR",
  "thread" : "main",
  "logger" : "org.springframework.boot.SpringApplication",
  "message" : "Application run failed",
  "context" : "prod",
  "exception" : "org.springframework.beans.factory.BeanCreationException: Error creating bean with name 'entityManagerFactory' defined in class path resource [org/springframework/boot/autoconfigure/orm/jpa/HibernateJpaConfiguration.class]: Invocation of init method failed; nested exception is javax.persistence.PersistenceException: [PersistenceUnit: default] Unable to build Hibernate SessionFactory; nested exception is org.hibernate.exception.JDBCConnectionException: Unable to open JDBC Connection for DDL execution\n\tat org.springframework.beans.factory.support.AbstractAutowireCapableBeanFactory.initializeBean(AbstractAutowireCapableBeanFactory.java:1804)\n\tat org.springframework.beans.factory.support.AbstractAutowireCapableBeanFactory.doCreateBean(AbstractAutowireCapableBeanFactory.java:620)\n\tat org.springframework.beans.factory.support.AbstractAutowireCapableBeanFactory.createBean(AbstractAutowireCapableBeanFactory.java:542)\n\tat org.springframework.beans.factory.support.AbstractBeanFactory.lambda$doGetBean$0(AbstractBeanFactory.java:335)\n\tat org.springframework.beans.factory.support.DefaultSingletonBeanRegistry.getSingleton(DefaultSingletonBeanRegistry.java:234)\n\tat org.springframework.beans.factory.support.AbstractBeanFactory.doGetBean(AbstractBeanFactory.java:333)\n\tat org.springframework.beans.factory.support.AbstractBeanFactory.getBean(AbstractBeanFactory.java:208)\n\tat org.springframework.context.support.AbstractApplicationContext.getBean(AbstractApplicationContext.java:1154)\n\tat org.springframework.context.support.AbstractApplicationContext.finishBeanFactoryInitialization(AbstractApplicationContext.java:908)\n\tat org.springframework.context.support.AbstractApplicationContext.refresh(AbstractApplicationContext.java:583)\n\tat org.springframework.boot.SpringApplication.refresh(SpringApplication.java:740)\n\tat org.springframework.boot.SpringApplication.refreshContext(SpringApplication.java:415)\n\tat org.springframework.boot.SpringApplication.run(SpringApplication.java:303)\n\tat org.springframework.boot.test.context.SpringBootContextLoader.loadContext(SpringBootContextLoader.java:144)\n\tat org.springframework.test.context.cache.DefaultCacheAwareContextLoaderDelegate.loadContextInternal(DefaultCacheAwareContextLoaderDelegate.java:99)\n\tat org.springframework.test.context.cache.DefaultCacheAwareContextLoaderDelegate.loadContext(DefaultCacheAwareContextLoaderDelegate.java:124)\n\tat org.springframework.test.context.support.DefaultTestContext.getApplicationContext(DefaultTestContext.java:124)\n\tat org.springframework.test.context.web.ServletTestExecutionListener.setUpRequestContextIfNecessary(ServletTestExecutionListener.java:190)\n\tat org.springframework.test.context.web.ServletTestExecutionListener.prepareTestInstance(ServletTestExecutionListener.java:132)\n\tat org.springframework.test.context.TestContextManager.prepareTestInstance(TestContextManager.java:248)\n\tat org.springframework.test.context.junit.jupiter.SpringExtension.postProcessTestInstance(SpringExtension.java:138)\n\tat org.junit.jupiter.engine.descriptor.ClassBasedTestDescriptor.lambda$invokeTestInstancePostProcessors$8(ClassBasedTestDescriptor.java:363)\n\tat org.junit.jupiter.engine.descriptor.ClassBasedTestDescriptor.executeAndMaskThrowable(ClassBasedTestDescriptor.java:368)\n\tat org.junit.jupiter.engine.descriptor.ClassBasedTestDescriptor.lambda$invokeTestInstancePostProcessors$9(ClassBasedTestDescriptor.java:363)\n\tat java.base/java.util.stream.ReferencePipeline$3$1.accept(ReferencePipeline.java:195)\n\tat java.base/java.util.stream.ReferencePipeline$2$1.accept(ReferencePipeline.java:177)\n\tat java.base/java.util.ArrayList$ArrayListSpliterator.forEachRemaining(ArrayList.java:1655)\n\tat java.base/java.util.stream.AbstractPipeline.copyInto(AbstractPipeline.java:484)\n\tat java.base/java.util.stream.AbstractPipeline.wrapAndCopyInto(AbstractPipeline.java:474)\n\tat java.base/java.util.stream.StreamSpliterators$WrappingSpliterator.forEachRemaining(StreamSpliterators.java:312)\n\tat java.base/java.util.stream.Streams$ConcatSpliterator.forEachRemaining(Streams.java:735)\n\tat java.base/java.util.stream.Streams$ConcatSpliterator.forEachRemaining(Streams.java:734)\n\tat java.base/java.util.stream.ReferencePipeline$Head.forEach(ReferencePipeline.java:658)\n\tat org.junit.jupiter.engine.descriptor.ClassBasedTestDescriptor.invokeTestInstancePostProcessors(ClassBasedTestDescriptor.java:362)\n\tat org.junit.jupiter.engine.descriptor.ClassBasedTestDescriptor.lambda$instantiateAndPostProcessTestInstance$6(ClassBasedTestDescriptor.java:283)\n\tat org.junit.platform.engine.support.hierarchical.ThrowableCollector.execute(ThrowableCollector.java:73)\n\tat org.junit.jupiter.engine.descriptor.ClassBasedTestDescriptor.instantiateAndPostProcessTestInstance(ClassBasedTestDescriptor.java:282)\n\tat org.junit.jupiter.engine.descriptor.ClassBasedTestDescriptor.lambda$testInstancesProvider$4(ClassBasedTestDescriptor.java:272)\n\tat java.base/java.util.Optional.orElseGet(Optional.java:369)\n\tat org.junit.jupiter.engine.descriptor.ClassBasedTestDescriptor.lambda$testInstancesProvider$5(ClassBasedTestDescriptor.java:271)\n\tat org.junit.jupiter.engine.execution.TestInstancesProvider.getTestInstances(TestInstancesProvider.java:31)\n\tat org.junit.jupiter.engine.descriptor.TestMethodTestDescriptor.lambda$prepare$0(TestMethodTestDescriptor.java:102)\n\tat org.junit.platform.engine.support.hierarchical.ThrowableCollector.execute(ThrowableCollector.java:73)\n\tat org.junit.jupiter.engine.descriptor.TestMethodTestDescriptor.prepare(TestMethodTestDescriptor.java:101)\n\tat org.junit.jupiter.engine.descriptor.TestMethodTestDescriptor.prepare(TestMethodTestDescriptor.java:66)\n\tat org.junit.platform.engine.support.hierarchical.NodeTestTask.lambda$prepare$2(NodeTestTask.java:123)\n\tat org.junit.platform.engine.support.hierarchical.ThrowableCollector.execute(ThrowableCollector.java:73)\n\tat org.junit.platform.engine.support.hierarchical.NodeTestTask.prepare(NodeTestTask.java:123)\n\tat org.junit.platform.engine.support.hierarchical.NodeTestTask.execute(NodeTestTask.java:90)\n\tat java.base/java.util.ArrayList.forEach(ArrayList.java:1541)\n\tat org.junit.platform.engine.support.hierarchical.SameThreadHierarchicalTestExecutorService.invokeAll(SameThreadHierarchicalTestExecutorService.java:41)\n\tat org.junit.platform.engine.support.hierarchical.NodeTestTask.lambda$executeRecursively$6(NodeTestTask.java:155)\n\tat org.junit.platform.engine.support.hierarchical.ThrowableCollector.execute(ThrowableCollector.java:73)\n\tat org.junit.platform.engine.support.hierarchical.NodeTestTask.lambda$executeRecursively$8(NodeTestTask.java:141)\n\tat org.junit.platform.engine.support.hierarchical.Node.around(Node.java:137)\n\tat org.junit.platform.engine.support.hierarchical.NodeTestTask.lambda$executeRecursively$9(NodeTestTask.java:139)\n\tat org.junit.platform.engine.support.hierarchical.ThrowableCollector.execute(ThrowableCollector.java:73)\n\tat org.junit.platform.engine.support.hierarchical.NodeTestTask.executeRecursively(NodeTestTask.java:138)\n\tat org.junit.platform.engine.support.hierarchical.NodeTestTask.execute(NodeTestTask.java:95)\n\tat java.base/java.util.ArrayList.forEach(ArrayList.java:1541)\n\tat org.junit.platform.engine.support.hierarchical.SameThreadHierarchicalTestExecutorService.invokeAll(SameThreadHierarchicalTestExecutorService.java:41)\n\tat org.junit.platform.engine.support.hierarchical.NodeTestTask.lambda$executeRecursively$6(NodeTestTask.java:155)\n\tat org.junit.platform.engine.support.hierarchical.ThrowableCollector.execute(ThrowableCollector.java:73)\n\tat org.junit.platform.engine.support.hierarchical.NodeTestTask.lambda$executeRecursively$8(NodeTestTask.java:141)\n\tat org.junit.platform.engine.support.hierarchical.Node.around(Node.java:137)\n\tat org.junit.platform.engine.support.hierarchical.NodeTestTask.lambda$executeRecursively$9(NodeTestTask.java:139)\n\tat org.junit.platform.engine.support.hierarchical.ThrowableCollector.execute(ThrowableCollector.java:73)\n\tat org.junit.platform.engine.support.hierarchical.NodeTestTask.executeRecursively(NodeTestTask.java:138)\n\tat org.junit.platform.engine.support.hierarchical.NodeTestTask.execute(NodeTestTask.java:95)\n\tat org.junit.platform.engine.support.hierarchical.SameThreadHierarchicalTestExecutorService.submit(SameThreadHierarchicalTestExecutorService.java:35)\n\tat org.junit.platform.engine.support.hierarchical.HierarchicalTestExecutor.execute(HierarchicalTestExecutor.java:57)\n\tat org.junit.platform.engine.support.hierarchical.HierarchicalTestEngine.execute(HierarchicalTestEngine.java:54)\n\tat org.junit.platform.launcher.core.DefaultLauncher.execute(DefaultLauncher.java:220)\n\tat org.junit.platform.launcher.core.DefaultLauncher.lambda$execute$6(DefaultLauncher.java:188)\n\tat org.junit.platform.launcher.core.DefaultLauncher.withInterceptedStreams(DefaultLauncher.java:202)\n\tat org.junit.platform.launcher.core.DefaultLauncher.execute(DefaultLauncher.java:181)\n\tat org.junit.platform.launcher.core.DefaultLauncher.execute(DefaultLauncher.java:128)\n\tat org.apache.maven.surefire.junitplatform.JUnitPlatformProvider.invokeAllTests(JUnitPlatformProvider.java:150)\n\tat org.apache.maven.surefire.junitplatform.JUnitPlatformProvider.invoke(JUnitPlatformProvider.java:124)\n\tat org.apache.maven.surefire.booter.ForkedBooter.invokeProviderInSameClassLoader(ForkedBooter.java:384)\n\tat org.apache.maven.surefire.booter.ForkedBooter.runSuitesInProcess(ForkedBooter.java:345)\n\tat org.apache.maven.surefire.booter.ForkedBooter.execute(ForkedBooter.java:126)\n\tat org.apache.maven.surefire.booter.ForkedBooter.main(ForkedBooter.java:418)\nCaused by: javax.persistence.PersistenceException: [PersistenceUnit: default] Unable to build Hibernate SessionFactory; nested exception is org.hibernate.exception.JDBCConnectionException: Unable to open JDBC Connection for DDL execution\n\tat org.springframework.orm.jpa.AbstractEntityManagerFactoryBean.buildNativeEntityManagerFactory(AbstractEntityManagerFactoryBean.java:421)\n\tat org.springframework.orm.jpa.AbstractEntityManagerFactoryBean.afterPropertiesSet(AbstractEntityManagerFactoryBean.java:396)\n\tat org.springframework.orm.jpa.LocalContainerEntityManagerFactoryBean.afterPropertiesSet(LocalContainerEntityManagerFactoryBean.java:341)\n\tat org.springframework.beans.factory.support.AbstractAutowireCapableBeanFactory.invokeInitMethods(AbstractAutowireCapableBeanFactory.java:1863)\n\tat org.springframework.beans.factory.support.AbstractAutowireCapableBeanFactory.initializeBean(AbstractAutowireCapableBeanFactory.java:1800)\n\t... 82 common frames omitted\nCaused by: org.hibernate.exception.JDBCConnectionException: Unable to open JDBC Connection for DDL execution\n\tat org.hibernate.exception.internal.SQLStateConversionDelegate.convert(SQLStateConversionDelegate.java:112)\n\tat org.hibernate.exception.internal.StandardSQLExceptionConverter.convert(StandardSQLExceptionConverter.java:37)\n\tat org.hibernate.engine.jdbc.spi.SqlExceptionHelper.convert(SqlExceptionHelper.java:113)\n\tat org.hibernate.engine.jdbc.spi.SqlExceptionHelper.convert(SqlExceptionHelper.java:99)\n\tat org.hibernate.resource.transaction.backend.jdbc.internal.DdlTransactionIsolatorNonJtaImpl.getIsolatedConnection(DdlTransactionIsolatorNonJtaImpl.java:71)\n\tat org.hibernate.tool.schema.internal.exec.ImprovedExtractionContextImpl.getJdbcConnection(ImprovedExtractionContextImpl.java:63)\n\tat org.hibernate.tool.schema.extract.spi.ExtractionContext.getQueryResults(ExtractionContext.java:43)\n\tat org.hibernate.tool.schema.extract.internal.SequenceInformationExtractorLegacyImpl.extractMetadata(SequenceInformationExtractorLegacyImpl.java:39)\n\tat org.hibernate.tool.schema.extract.internal.DatabaseInformationImpl.initializeSequences(DatabaseInformationImpl.java:66)\n\tat org.hibernate.tool.schema.extract.internal.DatabaseInformationImpl.<init>(DatabaseInformationImpl.java:60)\n\tat org.hibernate.tool.schema.internal.Helper.buildDatabaseInformation(Helper.java:183)\n\tat org.hibernate.tool.schema.internal.AbstractSchemaMigrator.doMigration(AbstractSchemaMigrator.java:104)\n\tat org.hibernate.tool.schema.spi.SchemaManagementToolCoordinator.performDatabaseAction(SchemaManagementToolCoordinator.java:196)\n\tat org.hibernate.tool.schema.spi.SchemaManagementToolCoordinator.process(SchemaManagementToolCoordinator.java:85)\n\tat org.hibernate.internal.SessionFactoryImpl.<init>(SessionFactoryImpl.java:335)\n\tat org.hibernate.boot.internal.SessionFactoryBuilderImpl.build(SessionFactoryBuilderImpl.java:471)\n\tat org.hibernate.jpa.boot.internal.EntityManagerFactoryBuilderImpl.build(EntityManagerFactoryBuilderImpl.java:1498)\n\tat org.springframework.orm.jpa.vendor.SpringHibernateJpaPersistenceProvider.createContainerEntityManagerFactory(SpringHibernateJpaPersistenceProvider.java:58)\n\tat org.springframework.orm.jpa.LocalContainerEntityManagerFactoryBean.createNativeEntityManagerFactory(LocalContainerEntityManagerFactoryBean.java:365)\n\tat org.springframework.orm.jpa.AbstractEntityManagerFactoryBean.buildNativeEntityManagerFactory(AbstractEntityManagerFactoryBean.java:409)\n\t... 86 common frames omitted\nCaused by: org.postgresql.util.PSQLException: Connection to localhost:5432 refused. Check that the hostname and port are correct and that the postmaster is accepting TCP/IP connections.\n\tat org.postgresql.core.v3.ConnectionFactoryImpl.openConnectionImpl(ConnectionFactoryImpl.java:319)\n\tat org.postgresql.core.ConnectionFactory.openConnection(ConnectionFactory.java:49)\n\tat org.postgresql.jdbc.PgConnection.<init>(PgConnection.java:223)\n\tat org.postgresql.Driver.makeConnection(Driver.java:402)\n\tat org.postgresql.Driver.connect(Driver.java:261)\n\tat com.zaxxer.hikari.util.DriverDataSource.getConnection(DriverDataSource.java:138)\n\tat com.zaxxer.hikari.pool.PoolBase.newConnection(PoolBase.java:364)\n\tat com.zaxxer.hikari.pool.PoolBase.newPoolEntry(PoolBase.java:206)\n\tat com.zaxxer.hikari.pool.HikariPool.createPoolEntry(HikariPool.java:476)\n\tat com.zaxxer.hikari.pool.HikariPool.checkFailFast(HikariPool.java:561)\n\tat com.zaxxer.hikari.pool.HikariPool.<init>(HikariPool.java:115)\n\tat com.zaxxer.hikari.HikariDataSource.getConnection(HikariDataSource.java:112)\n\tat org.hibernate.engine.jdbc.connections.internal.DatasourceConnectionProviderImpl.getConnection(DatasourceConnectionProviderImpl.java:122)\n\tat org.hibernate.engine.jdbc.env.internal.JdbcEnvironmentInitiator$ConnectionProviderJdbcConnectionAccess.obtainConnection(JdbcEnvironmentInitiator.java:181)\n\tat org.hibernate.resource.transaction.backend.jdbc.internal.DdlTransactionIsolatorNonJtaImpl.getIsolatedConnection(DdlTransactionIsolatorNonJtaImpl.java:44)\n\t... 101 common frames omitted\nCaused by: java.net.ConnectException: Conexão recusada (Connection refused)\n\tat java.base/java.net.PlainSocketImpl.socketConnect(Native Method)\n\tat java.base/java.net.AbstractPlainSocketImpl.doConnect(AbstractPlainSocketImpl.java:412)\n\tat java.base/java.net.AbstractPlainSocketImpl.connectToAddress(AbstractPlainSocketImpl.java:255)\n\tat java.base/java.net.AbstractPlainSocketImpl.connect(AbstractPlainSocketImpl.java:237)\n\tat java.base/java.net.SocksSocketImpl.connect(SocksSocketImpl.java:392)\n\tat java.base/java.net.Socket.connect(Socket.java:609)\n\tat org.postgresql.core.PGStream.createSocket(PGStream.java:241)\n\tat org.postgresql.core.PGStream.<init>(PGStream.java:98)\n\tat org.postgresql.core.v3.ConnectionFactoryImpl.tryConnect(ConnectionFactoryImpl.java:109)\n\tat org.postgresql.core.v3.ConnectionFactoryImpl.openConnectionImpl(ConnectionFactoryImpl.java:235)\n\t... 115 common frames omitted\n"
}{
  "timestamp" : "2023-06-21 15:31:32.501",
  "level" : "ERROR",
  "thread" : "main",
  "logger" : "org.springframework.test.context.TestContextManager",
  "message" : "Caught exception while allowing TestExecutionListener [org.springframework.test.context.web.ServletTestExecutionListener@5bf61e67] to prepare test instance [br.com.alura.logs.LogsApplicationTests@5eb9bf7d]",
  "context" : "prod",
  "exception" : "java.lang.IllegalStateException: Failed to load ApplicationContext\n\tat org.springframework.test.context.cache.DefaultCacheAwareContextLoaderDelegate.loadContext(DefaultCacheAwareContextLoaderDelegate.java:132)\n\tat org.springframework.test.context.support.DefaultTestContext.getApplicationContext(DefaultTestContext.java:124)\n\tat org.springframework.test.context.web.ServletTestExecutionListener.setUpRequestContextIfNecessary(ServletTestExecutionListener.java:190)\n\tat org.springframework.test.context.web.ServletTestExecutionListener.prepareTestInstance(ServletTestExecutionListener.java:132)\n\tat org.springframework.test.context.TestContextManager.prepareTestInstance(TestContextManager.java:248)\n\tat org.springframework.test.context.junit.jupiter.SpringExtension.postProcessTestInstance(SpringExtension.java:138)\n\tat org.junit.jupiter.engine.descriptor.ClassBasedTestDescriptor.lambda$invokeTestInstancePostProcessors$8(ClassBasedTestDescriptor.java:363)\n\tat org.junit.jupiter.engine.descriptor.ClassBasedTestDescriptor.executeAndMaskThrowable(ClassBasedTestDescriptor.java:368)\n\tat org.junit.jupiter.engine.descriptor.ClassBasedTestDescriptor.lambda$invokeTestInstancePostProcessors$9(ClassBasedTestDescriptor.java:363)\n\tat java.base/java.util.stream.ReferencePipeline$3$1.accept(ReferencePipeline.java:195)\n\tat java.base/java.util.stream.ReferencePipeline$2$1.accept(ReferencePipeline.java:177)\n\tat java.base/java.util.ArrayList$ArrayListSpliterator.forEachRemaining(ArrayList.java:1655)\n\tat java.base/java.util.stream.AbstractPipeline.copyInto(AbstractPipeline.java:484)\n\tat java.base/java.util.stream.AbstractPipeline.wrapAndCopyInto(AbstractPipeline.java:474)\n\tat java.base/java.util.stream.StreamSpliterators$WrappingSpliterator.forEachRemaining(StreamSpliterators.java:312)\n\tat java.base/java.util.stream.Streams$ConcatSpliterator.forEachRemaining(Streams.java:735)\n\tat java.base/java.util.stream.Streams$ConcatSpliterator.forEachRemaining(Streams.java:734)\n\tat java.base/java.util.stream.ReferencePipeline$Head.forEach(ReferencePipeline.java:658)\n\tat org.junit.jupiter.engine.descriptor.ClassBasedTestDescriptor.invokeTestInstancePostProcessors(ClassBasedTestDescriptor.java:362)\n\tat org.junit.jupiter.engine.descriptor.ClassBasedTestDescriptor.lambda$instantiateAndPostProcessTestInstance$6(ClassBasedTestDescriptor.java:283)\n\tat org.junit.platform.engine.support.hierarchical.ThrowableCollector.execute(ThrowableCollector.java:73)\n\tat org.junit.jupiter.engine.descriptor.ClassBasedTestDescriptor.instantiateAndPostProcessTestInstance(ClassBasedTestDescriptor.java:282)\n\tat org.junit.jupiter.engine.descriptor.ClassBasedTestDescriptor.lambda$testInstancesProvider$4(ClassBasedTestDescriptor.java:272)\n\tat java.base/java.util.Optional.orElseGet(Optional.java:369)\n\tat org.junit.jupiter.engine.descriptor.ClassBasedTestDescriptor.lambda$testInstancesProvider$5(ClassBasedTestDescriptor.java:271)\n\tat org.junit.jupiter.engine.execution.TestInstancesProvider.getTestInstances(TestInstancesProvider.java:31)\n\tat org.junit.jupiter.engine.descriptor.TestMethodTestDescriptor.lambda$prepare$0(TestMethodTestDescriptor.java:102)\n\tat org.junit.platform.engine.support.hierarchical.ThrowableCollector.execute(ThrowableCollector.java:73)\n\tat org.junit.jupiter.engine.descriptor.TestMethodTestDescriptor.prepare(TestMethodTestDescriptor.java:101)\n\tat org.junit.jupiter.engine.descriptor.TestMethodTestDescriptor.prepare(TestMethodTestDescriptor.java:66)\n\tat org.junit.platform.engine.support.hierarchical.NodeTestTask.lambda$prepare$2(NodeTestTask.java:123)\n\tat org.junit.platform.engine.support.hierarchical.ThrowableCollector.execute(ThrowableCollector.java:73)\n\tat org.junit.platform.engine.support.hierarchical.NodeTestTask.prepare(NodeTestTask.java:123)\n\tat org.junit.platform.engine.support.hierarchical.NodeTestTask.execute(NodeTestTask.java:90)\n\tat java.base/java.util.ArrayList.forEach(ArrayList.java:1541)\n\tat org.junit.platform.engine.support.hierarchical.SameThreadHierarchicalTestExecutorService.invokeAll(SameThreadHierarchicalTestExecutorService.java:41)\n\tat org.junit.platform.engine.support.hierarchical.NodeTestTask.lambda$executeRecursively$6(NodeTestTask.java:155)\n\tat org.junit.platform.engine.support.hierarchical.ThrowableCollector.execute(ThrowableCollector.java:73)\n\tat org.junit.platform.engine.support.hierarchical.NodeTestTask.lambda$executeRecursively$8(NodeTestTask.java:141)\n\tat org.junit.platform.engine.support.hierarchical.Node.around(Node.java:137)\n\tat org.junit.platform.engine.support.hierarchical.NodeTestTask.lambda$executeRecursively$9(NodeTestTask.java:139)\n\tat org.junit.platform.engine.support.hierarchical.ThrowableCollector.execute(ThrowableCollector.java:73)\n\tat org.junit.platform.engine.support.hierarchical.NodeTestTask.executeRecursively(NodeTestTask.java:138)\n\tat org.junit.platform.engine.support.hierarchical.NodeTestTask.execute(NodeTestTask.java:95)\n\tat java.base/java.util.ArrayList.forEach(ArrayList.java:1541)\n\tat org.junit.platform.engine.support.hierarchical.SameThreadHierarchicalTestExecutorService.invokeAll(SameThreadHierarchicalTestExecutorService.java:41)\n\tat org.junit.platform.engine.support.hierarchical.NodeTestTask.lambda$executeRecursively$6(NodeTestTask.java:155)\n\tat org.junit.platform.engine.support.hierarchical.ThrowableCollector.execute(ThrowableCollector.java:73)\n\tat org.junit.platform.engine.support.hierarchical.NodeTestTask.lambda$executeRecursively$8(NodeTestTask.java:141)\n\tat org.junit.platform.engine.support.hierarchical.Node.around(Node.java:137)\n\tat org.junit.platform.engine.support.hierarchical.NodeTestTask.lambda$executeRecursively$9(NodeTestTask.java:139)\n\tat org.junit.platform.engine.support.hierarchical.ThrowableCollector.execute(ThrowableCollector.java:73)\n\tat org.junit.platform.engine.support.hierarchical.NodeTestTask.executeRecursively(NodeTestTask.java:138)\n\tat org.junit.platform.engine.support.hierarchical.NodeTestTask.execute(NodeTestTask.java:95)\n\tat org.junit.platform.engine.support.hierarchical.SameThreadHierarchicalTestExecutorService.submit(SameThreadHierarchicalTestExecutorService.java:35)\n\tat org.junit.platform.engine.support.hierarchical.HierarchicalTestExecutor.execute(HierarchicalTestExecutor.java:57)\n\tat org.junit.platform.engine.support.hierarchical.HierarchicalTestEngine.execute(HierarchicalTestEngine.java:54)\n\tat org.junit.platform.launcher.core.DefaultLauncher.execute(DefaultLauncher.java:220)\n\tat org.junit.platform.launcher.core.DefaultLauncher.lambda$execute$6(DefaultLauncher.java:188)\n\tat org.junit.platform.launcher.core.DefaultLauncher.withInterceptedStreams(DefaultLauncher.java:202)\n\tat org.junit.platform.launcher.core.DefaultLauncher.execute(DefaultLauncher.java:181)\n\tat org.junit.platform.launcher.core.DefaultLauncher.execute(DefaultLauncher.java:128)\n\tat org.apache.maven.surefire.junitplatform.JUnitPlatformProvider.invokeAllTests(JUnitPlatformProvider.java:150)\n\tat org.apache.maven.surefire.junitplatform.JUnitPlatformProvider.invoke(JUnitPlatformProvider.java:124)\n\tat org.apache.maven.surefire.booter.ForkedBooter.invokeProviderInSameClassLoader(ForkedBooter.java:384)\n\tat org.apache.maven.surefire.booter.ForkedBooter.runSuitesInProcess(ForkedBooter.java:345)\n\tat org.apache.maven.surefire.booter.ForkedBooter.execute(ForkedBooter.java:126)\n\tat org.apache.maven.surefire.booter.ForkedBooter.main(ForkedBooter.java:418)\nCaused by: org.springframework.beans.factory.BeanCreationException: Error creating bean with name 'entityManagerFactory' defined in class path resource [org/springframework/boot/autoconfigure/orm/jpa/HibernateJpaConfiguration.class]: Invocation of init method failed; nested exception is javax.persistence.PersistenceException: [PersistenceUnit: default] Unable to build Hibernate SessionFactory; nested exception is org.hibernate.exception.JDBCConnectionException: Unable to open JDBC Connection for DDL execution\n\tat org.springframework.beans.factory.support.AbstractAutowireCapableBeanFactory.initializeBean(AbstractAutowireCapableBeanFactory.java:1804)\n\tat org.springframework.beans.factory.support.AbstractAutowireCapableBeanFactory.doCreateBean(AbstractAutowireCapableBeanFactory.java:620)\n\tat org.springframework.beans.factory.support.AbstractAutowireCapableBeanFactory.createBean(AbstractAutowireCapableBeanFactory.java:542)\n\tat org.springframework.beans.factory.support.AbstractBeanFactory.lambda$doGetBean$0(AbstractBeanFactory.java:335)\n\tat org.springframework.beans.factory.support.DefaultSingletonBeanRegistry.getSingleton(DefaultSingletonBeanRegistry.java:234)\n\tat org.springframework.beans.factory.support.AbstractBeanFactory.doGetBean(AbstractBeanFactory.java:333)\n\tat org.springframework.beans.factory.support.AbstractBeanFactory.getBean(AbstractBeanFactory.java:208)\n\tat org.springframework.context.support.AbstractApplicationContext.getBean(AbstractApplicationContext.java:1154)\n\tat org.springframework.context.support.AbstractApplicationContext.finishBeanFactoryInitialization(AbstractApplicationContext.java:908)\n\tat org.springframework.context.support.AbstractApplicationContext.refresh(AbstractApplicationContext.java:583)\n\tat org.springframework.boot.SpringApplication.refresh(SpringApplication.java:740)\n\tat org.springframework.boot.SpringApplication.refreshContext(SpringApplication.java:415)\n\tat org.springframework.boot.SpringApplication.run(SpringApplication.java:303)\n\tat org.springframework.boot.test.context.SpringBootContextLoader.loadContext(SpringBootContextLoader.java:144)\n\tat org.springframework.test.context.cache.DefaultCacheAwareContextLoaderDelegate.loadContextInternal(DefaultCacheAwareContextLoaderDelegate.java:99)\n\tat org.springframework.test.context.cache.DefaultCacheAwareContextLoaderDelegate.loadContext(DefaultCacheAwareContextLoaderDelegate.java:124)\n\t... 67 common frames omitted\nCaused by: javax.persistence.PersistenceException: [PersistenceUnit: default] Unable to build Hibernate SessionFactory; nested exception is org.hibernate.exception.JDBCConnectionException: Unable to open JDBC Connection for DDL execution\n\tat org.springframework.orm.jpa.AbstractEntityManagerFactoryBean.buildNativeEntityManagerFactory(AbstractEntityManagerFactoryBean.java:421)\n\tat org.springframework.orm.jpa.AbstractEntityManagerFactoryBean.afterPropertiesSet(AbstractEntityManagerFactoryBean.java:396)\n\tat org.springframework.orm.jpa.LocalContainerEntityManagerFactoryBean.afterPropertiesSet(LocalContainerEntityManagerFactoryBean.java:341)\n\tat org.springframework.beans.factory.support.AbstractAutowireCapableBeanFactory.invokeInitMethods(AbstractAutowireCapableBeanFactory.java:1863)\n\tat org.springframework.beans.factory.support.AbstractAutowireCapableBeanFactory.initializeBean(AbstractAutowireCapableBeanFactory.java:1800)\n\t... 82 common frames omitted\nCaused by: org.hibernate.exception.JDBCConnectionException: Unable to open JDBC Connection for DDL execution\n\tat org.hibernate.exception.internal.SQLStateConversionDelegate.convert(SQLStateConversionDelegate.java:112)\n\tat org.hibernate.exception.internal.StandardSQLExceptionConverter.convert(StandardSQLExceptionConverter.java:37)\n\tat org.hibernate.engine.jdbc.spi.SqlExceptionHelper.convert(SqlExceptionHelper.java:113)\n\tat org.hibernate.engine.jdbc.spi.SqlExceptionHelper.convert(SqlExceptionHelper.java:99)\n\tat org.hibernate.resource.transaction.backend.jdbc.internal.DdlTransactionIsolatorNonJtaImpl.getIsolatedConnection(DdlTransactionIsolatorNonJtaImpl.java:71)\n\tat org.hibernate.tool.schema.internal.exec.ImprovedExtractionContextImpl.getJdbcConnection(ImprovedExtractionContextImpl.java:63)\n\tat org.hibernate.tool.schema.extract.spi.ExtractionContext.getQueryResults(ExtractionContext.java:43)\n\tat org.hibernate.tool.schema.extract.internal.SequenceInformationExtractorLegacyImpl.extractMetadata(SequenceInformationExtractorLegacyImpl.java:39)\n\tat org.hibernate.tool.schema.extract.internal.DatabaseInformationImpl.initializeSequences(DatabaseInformationImpl.java:66)\n\tat org.hibernate.tool.schema.extract.internal.DatabaseInformationImpl.<init>(DatabaseInformationImpl.java:60)\n\tat org.hibernate.tool.schema.internal.Helper.buildDatabaseInformation(Helper.java:183)\n\tat org.hibernate.tool.schema.internal.AbstractSchemaMigrator.doMigration(AbstractSchemaMigrator.java:104)\n\tat org.hibernate.tool.schema.spi.SchemaManagementToolCoordinator.performDatabaseAction(SchemaManagementToolCoordinator.java:196)\n\tat org.hibernate.tool.schema.spi.SchemaManagementToolCoordinator.process(SchemaManagementToolCoordinator.java:85)\n\tat org.hibernate.internal.SessionFactoryImpl.<init>(SessionFactoryImpl.java:335)\n\tat org.hibernate.boot.internal.SessionFactoryBuilderImpl.build(SessionFactoryBuilderImpl.java:471)\n\tat org.hibernate.jpa.boot.internal.EntityManagerFactoryBuilderImpl.build(EntityManagerFactoryBuilderImpl.java:1498)\n\tat org.springframework.orm.jpa.vendor.SpringHibernateJpaPersistenceProvider.createContainerEntityManagerFactory(SpringHibernateJpaPersistenceProvider.java:58)\n\tat org.springframework.orm.jpa.LocalContainerEntityManagerFactoryBean.createNativeEntityManagerFactory(LocalContainerEntityManagerFactoryBean.java:365)\n\tat org.springframework.orm.jpa.AbstractEntityManagerFactoryBean.buildNativeEntityManagerFactory(AbstractEntityManagerFactoryBean.java:409)\n\t... 86 common frames omitted\nCaused by: org.postgresql.util.PSQLException: Connection to localhost:5432 refused. Check that the hostname and port are correct and that the postmaster is accepting TCP/IP connections.\n\tat org.postgresql.core.v3.ConnectionFactoryImpl.openConnectionImpl(ConnectionFactoryImpl.java:319)\n\tat org.postgresql.core.ConnectionFactory.openConnection(ConnectionFactory.java:49)\n\tat org.postgresql.jdbc.PgConnection.<init>(PgConnection.java:223)\n\tat org.postgresql.Driver.makeConnection(Driver.java:402)\n\tat org.postgresql.Driver.connect(Driver.java:261)\n\tat com.zaxxer.hikari.util.DriverDataSource.getConnection(DriverDataSource.java:138)\n\tat com.zaxxer.hikari.pool.PoolBase.newConnection(PoolBase.java:364)\n\tat com.zaxxer.hikari.pool.PoolBase.newPoolEntry(PoolBase.java:206)\n\tat com.zaxxer.hikari.pool.HikariPool.createPoolEntry(HikariPool.java:476)\n\tat com.zaxxer.hikari.pool.HikariPool.checkFailFast(HikariPool.java:561)\n\tat com.zaxxer.hikari.pool.HikariPool.<init>(HikariPool.java:115)\n\tat com.zaxxer.hikari.HikariDataSource.getConnection(HikariDataSource.java:112)\n\tat org.hibernate.engine.jdbc.connections.internal.DatasourceConnectionProviderImpl.getConnection(DatasourceConnectionProviderImpl.java:122)\n\tat org.hibernate.engine.jdbc.env.internal.JdbcEnvironmentInitiator$ConnectionProviderJdbcConnectionAccess.obtainConnection(JdbcEnvironmentInitiator.java:181)\n\tat org.hibernate.resource.transaction.backend.jdbc.internal.DdlTransactionIsolatorNonJtaImpl.getIsolatedConnection(DdlTransactionIsolatorNonJtaImpl.java:44)\n\t... 101 common frames omitted\nCaused by: java.net.ConnectException: Conexão recusada (Connection refused)\n\tat java.base/java.net.PlainSocketImpl.socketConnect(Native Method)\n\tat java.base/java.net.AbstractPlainSocketImpl.doConnect(AbstractPlainSocketImpl.java:412)\n\tat java.base/java.net.AbstractPlainSocketImpl.connectToAddress(AbstractPlainSocketImpl.java:255)\n\tat java.base/java.net.AbstractPlainSocketImpl.connect(AbstractPlainSocketImpl.java:237)\n\tat java.base/java.net.SocksSocketImpl.connect(SocksSocketImpl.java:392)\n\tat java.base/java.net.Socket.connect(Socket.java:609)\n\tat org.postgresql.core.PGStream.createSocket(PGStream.java:241)\n\tat org.postgresql.core.PGStream.<init>(PGStream.java:98)\n\tat org.postgresql.core.v3.ConnectionFactoryImpl.tryConnect(ConnectionFactoryImpl.java:109)\n\tat org.postgresql.core.v3.ConnectionFactoryImpl.openConnectionImpl(ConnectionFactoryImpl.java:235)\n\t... 115 common frames omitted\n"
}]]></system-out>
    <system-err><![CDATA[15:31:21,250 |-ERROR in com.github.loki4j.client.pipeline.DefaultPipeline@4ac0a915 - Error while sending Batch #107ecab4dafb (594 bytes) to Loki (http://loki-api-cursos:3100/loki/api/v1/push) java.net.ConnectException
	at java.net.ConnectException
	at 	at java.net.http/jdk.internal.net.http.HttpClientImpl.send(HttpClientImpl.java:561)
	at 	at java.net.http/jdk.internal.net.http.HttpClientFacade.send(HttpClientFacade.java:119)
	at 	at com.github.loki4j.client.http.JavaHttpClient.send(JavaHttpClient.java:68)
	at 	at com.github.loki4j.client.pipeline.DefaultPipeline.sendBatch(DefaultPipeline.java:263)
	at 	at com.github.loki4j.client.pipeline.DefaultPipeline.sendStep(DefaultPipeline.java:249)
	at 	at com.github.loki4j.client.pipeline.DefaultPipeline.runSendLoop(DefaultPipeline.java:183)
	at 	at com.github.loki4j.client.pipeline.DefaultPipeline.lambda$start$2(DefaultPipeline.java:108)
	at 	at java.base/java.util.concurrent.ThreadPoolExecutor.runWorker(ThreadPoolExecutor.java:1128)
	at 	at java.base/java.util.concurrent.ThreadPoolExecutor$Worker.run(ThreadPoolExecutor.java:628)
	at 	at java.base/java.lang.Thread.run(Thread.java:829)
Caused by: java.net.ConnectException
	at 	at java.net.http/jdk.internal.net.http.common.Utils.toConnectException(Utils.java:1021)
	at 	at java.net.http/jdk.internal.net.http.PlainHttpConnection.connectAsync(PlainHttpConnection.java:179)
	at 	at java.net.http/jdk.internal.net.http.Http1Exchange.sendHeadersAsync(Http1Exchange.java:238)
	at 	at java.net.http/jdk.internal.net.http.Exchange.lambda$responseAsyncImpl0$8(Exchange.java:435)
	at 	at java.net.http/jdk.internal.net.http.Exchange.checkFor407(Exchange.java:367)
	at 	at java.net.http/jdk.internal.net.http.Exchange.lambda$responseAsyncImpl0$9(Exchange.java:439)
	at 	at java.base/java.util.concurrent.CompletableFuture.uniHandle(CompletableFuture.java:930)
	at 	at java.base/java.util.concurrent.CompletableFuture.uniHandleStage(CompletableFuture.java:946)
	at 	at java.base/java.util.concurrent.CompletableFuture.handle(CompletableFuture.java:2266)
	at 	at java.net.http/jdk.internal.net.http.Exchange.responseAsyncImpl0(Exchange.java:439)
	at 	at java.net.http/jdk.internal.net.http.Exchange.responseAsyncImpl(Exchange.java:343)
	at 	at java.net.http/jdk.internal.net.http.Exchange.responseAsync(Exchange.java:335)
	at 	at java.net.http/jdk.internal.net.http.MultiExchange.responseAsyncImpl(MultiExchange.java:347)
	at 	at java.net.http/jdk.internal.net.http.MultiExchange.lambda$responseAsyncImpl$7(MultiExchange.java:388)
	at 	at java.base/java.util.concurrent.CompletableFuture.uniHandle(CompletableFuture.java:930)
	at 	at java.base/java.util.concurrent.CompletableFuture.uniHandleStage(CompletableFuture.java:946)
	at 	at java.base/java.util.concurrent.CompletableFuture.handle(CompletableFuture.java:2266)
	at 	at java.net.http/jdk.internal.net.http.MultiExchange.responseAsyncImpl(MultiExchange.java:378)
	at 	at java.net.http/jdk.internal.net.http.MultiExchange.lambda$responseAsync0$2(MultiExchange.java:293)
	at 	at java.base/java.util.concurrent.CompletableFuture$UniCompose.tryFire(CompletableFuture.java:1072)
	at 	at java.base/java.util.concurrent.CompletableFuture.postComplete(CompletableFuture.java:506)
	at 	at java.base/java.util.concurrent.CompletableFuture$AsyncSupply.run(CompletableFuture.java:1705)
	at 	at java.net.http/jdk.internal.net.http.HttpClientImpl$DelegatingExecutor.execute(HttpClientImpl.java:153)
	at 	at java.base/java.util.concurrent.CompletableFuture.completeAsync(CompletableFuture.java:2591)
	at 	at java.net.http/jdk.internal.net.http.MultiExchange.responseAsync(MultiExchange.java:246)
	at 	at java.net.http/jdk.internal.net.http.HttpClientImpl.sendAsync(HttpClientImpl.java:632)
	at 	at java.net.http/jdk.internal.net.http.HttpClientImpl.send(HttpClientImpl.java:540)
	at 	... 9 common frames omitted
Caused by: java.nio.channels.UnresolvedAddressException
	at 	at java.base/sun.nio.ch.Net.checkAddress(Net.java:131)
	at 	at java.base/sun.nio.ch.SocketChannelImpl.connect(SocketChannelImpl.java:673)
	at 	at java.net.http/jdk.internal.net.http.PlainHttpConnection.lambda$connectAsync$0(PlainHttpConnection.java:165)
	at 	at java.base/java.security.AccessController.doPrivileged(Native Method)
	at 	at java.net.http/jdk.internal.net.http.PlainHttpConnection.connectAsync(PlainHttpConnection.java:167)
	at 	... 34 common frames omitted
]]></system-err>
  </testcase>
</testsuite>